Calling target program-options parser
[10:01:53.845] [bmv2] [D] [thread 2278] Set default default entry for table 'tbl_multicast': L2_Ingress.multicast - 
[10:01:53.845] [bmv2] [D] [thread 2278] Set default default entry for table 'L2_Ingress.mac_table': L2_Ingress.multicast - 
[10:01:53.845] [bmv2] [D] [thread 2278] Set default default entry for table 'tbl_drop': L2_Egress.drop - 
Adding interface s2-eth1 as port 1
[10:01:53.846] [bmv2] [D] [thread 2278] Adding interface s2-eth1 as port 1
Adding interface s2-eth2 as port 2
[10:01:53.915] [bmv2] [D] [thread 2278] Adding interface s2-eth2 as port 2
Adding interface s2-eth3 as port 3
[10:01:53.998] [bmv2] [D] [thread 2278] Adding interface s2-eth3 as port 3
Server listening on 0.0.0.0:50053
[10:01:54.116] [bmv2] [I] [thread 2278] Starting Thrift server on port 9092
[10:01:54.117] [bmv2] [I] [thread 2278] Thrift server was started
[10:01:54.175] [bmv2] [D] [thread 2292] [0.0] [cxt 0] Processing packet received on port 3
[10:01:54.175] [bmv2] [D] [thread 2292] [0.0] [cxt 0] Parser 'parser': start
[10:01:54.175] [bmv2] [D] [thread 2292] [0.0] [cxt 0] Parser 'parser' entering state 'start'
[10:01:54.175] [bmv2] [D] [thread 2292] [0.0] [cxt 0] Extracting header 'ethernet'
[10:01:54.175] [bmv2] [D] [thread 2292] [0.0] [cxt 0] Parser state 'start' has no switch, going to default next state
[10:01:54.175] [bmv2] [T] [thread 2292] [0.0] [cxt 0] Bytes parsed: 14
[10:01:54.175] [bmv2] [D] [thread 2292] [0.0] [cxt 0] Parser 'parser': end
[10:01:54.175] [bmv2] [D] [thread 2292] [0.0] [cxt 0] Pipeline 'ingress': start
[10:01:54.175] [bmv2] [T] [thread 2292] [0.0] [cxt 0] l2.p4(85) Condition "hdr.ethernet.dstAddr == 48w0xFFFFFFFFFF" (node_2) is false
[10:01:54.175] [bmv2] [T] [thread 2292] [0.0] [cxt 0] l2.p4(88) Condition "hdr.ethernet.isValid()" (node_4) is true
[10:01:54.175] [bmv2] [T] [thread 2292] [0.0] [cxt 0] Applying table 'L2_Ingress.mac_table'
[10:01:54.175] [bmv2] [D] [thread 2292] [0.0] [cxt 0] Looking up key:
* hdr.ethernet.dstAddr: 333300000016

[10:01:54.175] [bmv2] [D] [thread 2292] [0.0] [cxt 0] Table 'L2_Ingress.mac_table': miss
[10:01:54.175] [bmv2] [D] [thread 2292] [0.0] [cxt 0] Action entry is L2_Ingress.multicast - 
[10:01:54.175] [bmv2] [T] [thread 2292] [0.0] [cxt 0] Action L2_Ingress.multicast
[10:01:54.175] [bmv2] [T] [thread 2292] [0.0] [cxt 0] l2.p4(63) Primitive standard_metadata.mcast_grp = 1
[10:01:54.176] [bmv2] [D] [thread 2292] [0.0] [cxt 0] Pipeline 'ingress': end
[10:01:54.176] [bmv2] [D] [thread 2292] [0.0] [cxt 0] Multicast requested for packet
[10:01:54.176] [bmv2] [W] [thread 2292] Replication requested for mgid 1, which is not known to the PRE
[10:01:54.475] [bmv2] [D] [thread 2292] [1.0] [cxt 0] Processing packet received on port 1
[10:01:54.475] [bmv2] [D] [thread 2292] [1.0] [cxt 0] Parser 'parser': start
[10:01:54.475] [bmv2] [D] [thread 2292] [1.0] [cxt 0] Parser 'parser' entering state 'start'
[10:01:54.475] [bmv2] [D] [thread 2292] [1.0] [cxt 0] Extracting header 'ethernet'
[10:01:54.475] [bmv2] [D] [thread 2292] [1.0] [cxt 0] Parser state 'start' has no switch, going to default next state
[10:01:54.475] [bmv2] [T] [thread 2292] [1.0] [cxt 0] Bytes parsed: 14
[10:01:54.475] [bmv2] [D] [thread 2292] [1.0] [cxt 0] Parser 'parser': end
[10:01:54.475] [bmv2] [D] [thread 2292] [1.0] [cxt 0] Pipeline 'ingress': start
[10:01:54.475] [bmv2] [T] [thread 2292] [1.0] [cxt 0] l2.p4(85) Condition "hdr.ethernet.dstAddr == 48w0xFFFFFFFFFF" (node_2) is false
[10:01:54.475] [bmv2] [T] [thread 2292] [1.0] [cxt 0] l2.p4(88) Condition "hdr.ethernet.isValid()" (node_4) is true
[10:01:54.475] [bmv2] [T] [thread 2292] [1.0] [cxt 0] Applying table 'L2_Ingress.mac_table'
[10:01:54.475] [bmv2] [D] [thread 2292] [1.0] [cxt 0] Looking up key:
* hdr.ethernet.dstAddr: 333300000016

[10:01:54.475] [bmv2] [D] [thread 2292] [1.0] [cxt 0] Table 'L2_Ingress.mac_table': miss
[10:01:54.475] [bmv2] [D] [thread 2292] [1.0] [cxt 0] Action entry is L2_Ingress.multicast - 
[10:01:54.475] [bmv2] [T] [thread 2292] [1.0] [cxt 0] Action L2_Ingress.multicast
[10:01:54.475] [bmv2] [T] [thread 2292] [1.0] [cxt 0] l2.p4(63) Primitive standard_metadata.mcast_grp = 1
[10:01:54.475] [bmv2] [D] [thread 2292] [1.0] [cxt 0] Pipeline 'ingress': end
[10:01:54.475] [bmv2] [D] [thread 2292] [1.0] [cxt 0] Multicast requested for packet
[10:01:54.475] [bmv2] [W] [thread 2292] Replication requested for mgid 1, which is not known to the PRE
[10:01:55.517] [bmv2] [W] [thread 2327] [P4Runtime] p4::tmp::P4DeviceConfig is deprecated
[10:01:55.518] [bmv2] [D] [thread 2327] Set default default entry for table 'tbl_multicast': L2_Ingress.multicast - 
[10:01:55.518] [bmv2] [D] [thread 2327] Set default default entry for table 'L2_Ingress.mac_table': L2_Ingress.multicast - 
[10:01:55.518] [bmv2] [D] [thread 2327] Set default default entry for table 'tbl_drop': L2_Egress.drop - 
[10:01:55.520] [bmv2] [D] [thread 2327] simple_switch target has been notified of a config swap
[10:01:55.524] [bmv2] [D] [thread 2328] Entry 0 added to table 'L2_Ingress.mac_table'
[10:01:55.524] [bmv2] [D] [thread 2328] Dumping entry 0
Match key:
* hdr.ethernet.dstAddr: EXACT     200000000000
Action entry: L2_Ingress.mac_forward - 1,

[10:01:55.528] [bmv2] [D] [thread 2327] Entry 1 added to table 'L2_Ingress.mac_table'
[10:01:55.528] [bmv2] [D] [thread 2327] Dumping entry 1
Match key:
* hdr.ethernet.dstAddr: EXACT     000000000300
Action entry: L2_Ingress.mac_forward - 2,

[10:01:55.533] [bmv2] [D] [thread 2328] Entry 2 added to table 'L2_Ingress.mac_table'
[10:01:55.533] [bmv2] [D] [thread 2328] Dumping entry 2
Match key:
* hdr.ethernet.dstAddr: EXACT     000000000400
Action entry: L2_Ingress.mac_forward - 3,

[10:01:55.536] [bmv2] [D] [thread 2327] mgrp node created for mgid 1
[10:01:55.536] [bmv2] [D] [thread 2327] node created for rid 1
[10:01:55.536] [bmv2] [D] [thread 2327] node associated with mgid 1
[10:01:57.675] [bmv2] [D] [thread 2292] [2.0] [cxt 0] Processing packet received on port 1
[10:01:57.675] [bmv2] [D] [thread 2292] [2.0] [cxt 0] Parser 'parser': start
[10:01:57.675] [bmv2] [D] [thread 2292] [2.0] [cxt 0] Parser 'parser' entering state 'start'
[10:01:57.675] [bmv2] [D] [thread 2292] [2.0] [cxt 0] Extracting header 'ethernet'
[10:01:57.676] [bmv2] [D] [thread 2292] [2.0] [cxt 0] Parser state 'start' has no switch, going to default next state
[10:01:57.676] [bmv2] [T] [thread 2292] [2.0] [cxt 0] Bytes parsed: 14
[10:01:57.676] [bmv2] [D] [thread 2292] [2.0] [cxt 0] Parser 'parser': end
[10:01:57.676] [bmv2] [D] [thread 2292] [2.0] [cxt 0] Pipeline 'ingress': start
[10:01:57.676] [bmv2] [T] [thread 2292] [2.0] [cxt 0] l2.p4(85) Condition "hdr.ethernet.dstAddr == 48w0xFFFFFFFFFF" (node_2) is false
[10:01:57.676] [bmv2] [T] [thread 2292] [2.0] [cxt 0] l2.p4(88) Condition "hdr.ethernet.isValid()" (node_4) is true
[10:01:57.676] [bmv2] [T] [thread 2292] [2.0] [cxt 0] Applying table 'L2_Ingress.mac_table'
[10:01:57.676] [bmv2] [D] [thread 2292] [2.0] [cxt 0] Looking up key:
* hdr.ethernet.dstAddr: 333300000002

[10:01:57.676] [bmv2] [D] [thread 2292] [2.0] [cxt 0] Table 'L2_Ingress.mac_table': miss
[10:01:57.676] [bmv2] [D] [thread 2292] [2.0] [cxt 0] Action entry is L2_Ingress.multicast - 
[10:01:57.676] [bmv2] [T] [thread 2292] [2.0] [cxt 0] Action L2_Ingress.multicast
[10:01:57.676] [bmv2] [T] [thread 2292] [2.0] [cxt 0] l2.p4(63) Primitive standard_metadata.mcast_grp = 1
[10:01:57.676] [bmv2] [D] [thread 2292] [2.0] [cxt 0] Pipeline 'ingress': end
[10:01:57.676] [bmv2] [D] [thread 2292] [2.0] [cxt 0] Multicast requested for packet
[10:01:57.676] [bmv2] [D] [thread 2292] number of packets replicated : 3
[10:01:57.676] [bmv2] [D] [thread 2292] [2.0] [cxt 0] Replicating packet on port 1
[10:01:57.676] [bmv2] [D] [thread 2292] [2.0] [cxt 0] Replicating packet on port 2
[10:01:57.676] [bmv2] [D] [thread 2292] [2.0] [cxt 0] Replicating packet on port 3
[10:01:57.676] [bmv2] [D] [thread 2295] [2.2] [cxt 0] Pipeline 'egress': start
[10:01:57.676] [bmv2] [T] [thread 2295] [2.2] [cxt 0] l2.p4(102) Condition "standard_metadata.egress_port == standard_metadata.ingress_port" (node_8) is false
[10:01:57.676] [bmv2] [D] [thread 2295] [2.2] [cxt 0] Pipeline 'egress': end
[10:01:57.676] [bmv2] [D] [thread 2295] [2.2] [cxt 0] Deparser 'deparser': start
[10:01:57.676] [bmv2] [D] [thread 2295] [2.2] [cxt 0] Deparsing header 'ethernet'
[10:01:57.676] [bmv2] [D] [thread 2295] [2.2] [cxt 0] Deparser 'deparser': end
[10:01:57.676] [bmv2] [D] [thread 2294] [2.1] [cxt 0] Pipeline 'egress': start
[10:01:57.676] [bmv2] [T] [thread 2294] [2.1] [cxt 0] l2.p4(102) Condition "standard_metadata.egress_port == standard_metadata.ingress_port" (node_8) is true
[10:01:57.676] [bmv2] [T] [thread 2294] [2.1] [cxt 0] Applying table 'tbl_drop'
[10:01:57.676] [bmv2] [D] [thread 2294] [2.1] [cxt 0] Looking up key:

[10:01:57.676] [bmv2] [D] [thread 2294] [2.1] [cxt 0] Table 'tbl_drop': miss
[10:01:57.676] [bmv2] [D] [thread 2294] [2.1] [cxt 0] Action entry is L2_Egress.drop - 
[10:01:57.676] [bmv2] [T] [thread 2294] [2.1] [cxt 0] Action L2_Egress.drop
[10:01:57.676] [bmv2] [T] [thread 2294] [2.1] [cxt 0] l2.p4(98) Primitive mark_to_drop(standard_metadata)
[10:01:57.676] [bmv2] [D] [thread 2294] [2.1] [cxt 0] Pipeline 'egress': end
[10:01:57.676] [bmv2] [D] [thread 2294] [2.1] [cxt 0] Dropping packet at the end of egress
[10:01:57.677] [bmv2] [D] [thread 2296] [2.3] [cxt 0] Pipeline 'egress': start
[10:01:57.677] [bmv2] [T] [thread 2296] [2.3] [cxt 0] l2.p4(102) Condition "standard_metadata.egress_port == standard_metadata.ingress_port" (node_8) is false
[10:01:57.677] [bmv2] [D] [thread 2296] [2.3] [cxt 0] Pipeline 'egress': end
[10:01:57.677] [bmv2] [D] [thread 2296] [2.3] [cxt 0] Deparser 'deparser': start
[10:01:57.677] [bmv2] [D] [thread 2296] [2.3] [cxt 0] Deparsing header 'ethernet'
[10:01:57.677] [bmv2] [D] [thread 2296] [2.3] [cxt 0] Deparser 'deparser': end
[10:01:57.677] [bmv2] [D] [thread 2297] [2.2] [cxt 0] Transmitting packet of size 70 out of port 2
[10:01:57.677] [bmv2] [D] [thread 2297] [2.3] [cxt 0] Transmitting packet of size 70 out of port 3
[10:01:57.756] [bmv2] [D] [thread 2292] [3.0] [cxt 0] Processing packet received on port 1
[10:01:57.756] [bmv2] [D] [thread 2292] [3.0] [cxt 0] Parser 'parser': start
[10:01:57.756] [bmv2] [D] [thread 2292] [3.0] [cxt 0] Parser 'parser' entering state 'start'
[10:01:57.756] [bmv2] [D] [thread 2292] [3.0] [cxt 0] Extracting header 'ethernet'
[10:01:57.756] [bmv2] [D] [thread 2292] [3.0] [cxt 0] Parser state 'start' has no switch, going to default next state
[10:01:57.756] [bmv2] [T] [thread 2292] [3.0] [cxt 0] Bytes parsed: 14
[10:01:57.756] [bmv2] [D] [thread 2292] [3.0] [cxt 0] Parser 'parser': end
[10:01:57.756] [bmv2] [D] [thread 2292] [3.0] [cxt 0] Pipeline 'ingress': start
[10:01:57.756] [bmv2] [T] [thread 2292] [3.0] [cxt 0] l2.p4(85) Condition "hdr.ethernet.dstAddr == 48w0xFFFFFFFFFF" (node_2) is false
[10:01:57.756] [bmv2] [T] [thread 2292] [3.0] [cxt 0] l2.p4(88) Condition "hdr.ethernet.isValid()" (node_4) is true
[10:01:57.756] [bmv2] [T] [thread 2292] [3.0] [cxt 0] Applying table 'L2_Ingress.mac_table'
[10:01:57.756] [bmv2] [D] [thread 2292] [3.0] [cxt 0] Looking up key:
* hdr.ethernet.dstAddr: 333300000002

[10:01:57.756] [bmv2] [D] [thread 2292] [3.0] [cxt 0] Table 'L2_Ingress.mac_table': miss
[10:01:57.756] [bmv2] [D] [thread 2292] [3.0] [cxt 0] Action entry is L2_Ingress.multicast - 
[10:01:57.756] [bmv2] [T] [thread 2292] [3.0] [cxt 0] Action L2_Ingress.multicast
[10:01:57.756] [bmv2] [T] [thread 2292] [3.0] [cxt 0] l2.p4(63) Primitive standard_metadata.mcast_grp = 1
[10:01:57.756] [bmv2] [D] [thread 2292] [3.0] [cxt 0] Pipeline 'ingress': end
[10:01:57.756] [bmv2] [D] [thread 2292] [3.0] [cxt 0] Multicast requested for packet
[10:01:57.756] [bmv2] [D] [thread 2292] number of packets replicated : 3
[10:01:57.756] [bmv2] [D] [thread 2292] [3.0] [cxt 0] Replicating packet on port 1
[10:01:57.756] [bmv2] [D] [thread 2292] [3.0] [cxt 0] Replicating packet on port 2
[10:01:57.756] [bmv2] [D] [thread 2292] [3.0] [cxt 0] Replicating packet on port 3
[10:01:57.756] [bmv2] [D] [thread 2295] [3.2] [cxt 0] Pipeline 'egress': start
[10:01:57.756] [bmv2] [T] [thread 2295] [3.2] [cxt 0] l2.p4(102) Condition "standard_metadata.egress_port == standard_metadata.ingress_port" (node_8) is false
[10:01:57.756] [bmv2] [D] [thread 2295] [3.2] [cxt 0] Pipeline 'egress': end
[10:01:57.756] [bmv2] [D] [thread 2294] [3.1] [cxt 0] Pipeline 'egress': start
[10:01:57.756] [bmv2] [D] [thread 2295] [3.2] [cxt 0] Deparser 'deparser': start
[10:01:57.756] [bmv2] [D] [thread 2295] [3.2] [cxt 0] Deparsing header 'ethernet'
[10:01:57.756] [bmv2] [D] [thread 2295] [3.2] [cxt 0] Deparser 'deparser': end
[10:01:57.757] [bmv2] [T] [thread 2294] [3.1] [cxt 0] l2.p4(102) Condition "standard_metadata.egress_port == standard_metadata.ingress_port" (node_8) is true
[10:01:57.757] [bmv2] [T] [thread 2294] [3.1] [cxt 0] Applying table 'tbl_drop'
[10:01:57.757] [bmv2] [D] [thread 2297] [3.2] [cxt 0] Transmitting packet of size 70 out of port 2
[10:01:57.757] [bmv2] [D] [thread 2294] [3.1] [cxt 0] Looking up key:

[10:01:57.757] [bmv2] [D] [thread 2294] [3.1] [cxt 0] Table 'tbl_drop': miss
[10:01:57.757] [bmv2] [D] [thread 2294] [3.1] [cxt 0] Action entry is L2_Egress.drop - 
[10:01:57.757] [bmv2] [T] [thread 2294] [3.1] [cxt 0] Action L2_Egress.drop
[10:01:57.757] [bmv2] [T] [thread 2294] [3.1] [cxt 0] l2.p4(98) Primitive mark_to_drop(standard_metadata)
[10:01:57.757] [bmv2] [D] [thread 2294] [3.1] [cxt 0] Pipeline 'egress': end
[10:01:57.757] [bmv2] [D] [thread 2294] [3.1] [cxt 0] Dropping packet at the end of egress
[10:01:57.756] [bmv2] [D] [thread 2296] [3.3] [cxt 0] Pipeline 'egress': start
[10:01:57.757] [bmv2] [T] [thread 2296] [3.3] [cxt 0] l2.p4(102) Condition "standard_metadata.egress_port == standard_metadata.ingress_port" (node_8) is false
[10:01:57.757] [bmv2] [D] [thread 2296] [3.3] [cxt 0] Pipeline 'egress': end
[10:01:57.757] [bmv2] [D] [thread 2296] [3.3] [cxt 0] Deparser 'deparser': start
[10:01:57.757] [bmv2] [D] [thread 2296] [3.3] [cxt 0] Deparsing header 'ethernet'
[10:01:57.757] [bmv2] [D] [thread 2296] [3.3] [cxt 0] Deparser 'deparser': end
[10:01:57.757] [bmv2] [D] [thread 2297] [3.3] [cxt 0] Transmitting packet of size 70 out of port 3
[10:01:57.835] [bmv2] [D] [thread 2292] [4.0] [cxt 0] Processing packet received on port 2
[10:01:57.835] [bmv2] [D] [thread 2292] [4.0] [cxt 0] Parser 'parser': start
[10:01:57.835] [bmv2] [D] [thread 2292] [4.0] [cxt 0] Parser 'parser' entering state 'start'
[10:01:57.835] [bmv2] [D] [thread 2292] [4.0] [cxt 0] Extracting header 'ethernet'
[10:01:57.835] [bmv2] [D] [thread 2292] [4.0] [cxt 0] Parser state 'start' has no switch, going to default next state
[10:01:57.835] [bmv2] [T] [thread 2292] [4.0] [cxt 0] Bytes parsed: 14
[10:01:57.835] [bmv2] [D] [thread 2292] [4.0] [cxt 0] Parser 'parser': end
[10:01:57.835] [bmv2] [D] [thread 2292] [4.0] [cxt 0] Pipeline 'ingress': start
[10:01:57.835] [bmv2] [T] [thread 2292] [4.0] [cxt 0] l2.p4(85) Condition "hdr.ethernet.dstAddr == 48w0xFFFFFFFFFF" (node_2) is false
[10:01:57.835] [bmv2] [T] [thread 2292] [4.0] [cxt 0] l2.p4(88) Condition "hdr.ethernet.isValid()" (node_4) is true
[10:01:57.835] [bmv2] [T] [thread 2292] [4.0] [cxt 0] Applying table 'L2_Ingress.mac_table'
[10:01:57.835] [bmv2] [D] [thread 2292] [4.0] [cxt 0] Looking up key:
* hdr.ethernet.dstAddr: 333300000002

[10:01:57.835] [bmv2] [D] [thread 2292] [4.0] [cxt 0] Table 'L2_Ingress.mac_table': miss
[10:01:57.835] [bmv2] [D] [thread 2292] [4.0] [cxt 0] Action entry is L2_Ingress.multicast - 
[10:01:57.835] [bmv2] [T] [thread 2292] [4.0] [cxt 0] Action L2_Ingress.multicast
[10:01:57.835] [bmv2] [T] [thread 2292] [4.0] [cxt 0] l2.p4(63) Primitive standard_metadata.mcast_grp = 1
[10:01:57.835] [bmv2] [D] [thread 2292] [4.0] [cxt 0] Pipeline 'ingress': end
[10:01:57.835] [bmv2] [D] [thread 2292] [4.0] [cxt 0] Multicast requested for packet
[10:01:57.835] [bmv2] [D] [thread 2292] number of packets replicated : 3
[10:01:57.835] [bmv2] [D] [thread 2292] [4.0] [cxt 0] Replicating packet on port 1
[10:01:57.835] [bmv2] [D] [thread 2292] [4.0] [cxt 0] Replicating packet on port 2
[10:01:57.835] [bmv2] [D] [thread 2294] [4.1] [cxt 0] Pipeline 'egress': start
[10:01:57.835] [bmv2] [T] [thread 2294] [4.1] [cxt 0] l2.p4(102) Condition "standard_metadata.egress_port == standard_metadata.ingress_port" (node_8) is false
[10:01:57.835] [bmv2] [D] [thread 2294] [4.1] [cxt 0] Pipeline 'egress': end
[10:01:57.835] [bmv2] [D] [thread 2295] [4.2] [cxt 0] Pipeline 'egress': start
[10:01:57.836] [bmv2] [D] [thread 2294] [4.1] [cxt 0] Deparser 'deparser': start
[10:01:57.836] [bmv2] [D] [thread 2294] [4.1] [cxt 0] Deparsing header 'ethernet'
[10:01:57.836] [bmv2] [D] [thread 2294] [4.1] [cxt 0] Deparser 'deparser': end
[10:01:57.835] [bmv2] [D] [thread 2292] [4.0] [cxt 0] Replicating packet on port 3
[10:01:57.836] [bmv2] [D] [thread 2297] [4.1] [cxt 0] Transmitting packet of size 70 out of port 1
[10:01:57.836] [bmv2] [T] [thread 2295] [4.2] [cxt 0] l2.p4(102) Condition "standard_metadata.egress_port == standard_metadata.ingress_port" (node_8) is true
[10:01:57.836] [bmv2] [T] [thread 2295] [4.2] [cxt 0] Applying table 'tbl_drop'
[10:01:57.836] [bmv2] [D] [thread 2295] [4.2] [cxt 0] Looking up key:

[10:01:57.836] [bmv2] [D] [thread 2295] [4.2] [cxt 0] Table 'tbl_drop': miss
[10:01:57.836] [bmv2] [D] [thread 2296] [4.3] [cxt 0] Pipeline 'egress': start
[10:01:57.836] [bmv2] [T] [thread 2296] [4.3] [cxt 0] l2.p4(102) Condition "standard_metadata.egress_port == standard_metadata.ingress_port" (node_8) is false
[10:01:57.836] [bmv2] [D] [thread 2296] [4.3] [cxt 0] Pipeline 'egress': end
[10:01:57.836] [bmv2] [D] [thread 2296] [4.3] [cxt 0] Deparser 'deparser': start
[10:01:57.836] [bmv2] [D] [thread 2296] [4.3] [cxt 0] Deparsing header 'ethernet'
[10:01:57.836] [bmv2] [D] [thread 2296] [4.3] [cxt 0] Deparser 'deparser': end
[10:01:57.836] [bmv2] [D] [thread 2295] [4.2] [cxt 0] Action entry is L2_Egress.drop - 
[10:01:57.836] [bmv2] [T] [thread 2295] [4.2] [cxt 0] Action L2_Egress.drop
[10:01:57.836] [bmv2] [T] [thread 2295] [4.2] [cxt 0] l2.p4(98) Primitive mark_to_drop(standard_metadata)
[10:01:57.836] [bmv2] [D] [thread 2295] [4.2] [cxt 0] Pipeline 'egress': end
[10:01:57.836] [bmv2] [D] [thread 2295] [4.2] [cxt 0] Dropping packet at the end of egress
[10:01:57.837] [bmv2] [D] [thread 2297] [4.3] [cxt 0] Transmitting packet of size 70 out of port 3
[10:01:57.915] [bmv2] [D] [thread 2292] [5.0] [cxt 0] Processing packet received on port 3
[10:01:57.915] [bmv2] [D] [thread 2292] [5.0] [cxt 0] Parser 'parser': start
[10:01:57.915] [bmv2] [D] [thread 2292] [5.0] [cxt 0] Parser 'parser' entering state 'start'
[10:01:57.915] [bmv2] [D] [thread 2292] [5.0] [cxt 0] Extracting header 'ethernet'
[10:01:57.915] [bmv2] [D] [thread 2292] [5.0] [cxt 0] Parser state 'start' has no switch, going to default next state
[10:01:57.915] [bmv2] [T] [thread 2292] [5.0] [cxt 0] Bytes parsed: 14
[10:01:57.915] [bmv2] [D] [thread 2292] [5.0] [cxt 0] Parser 'parser': end
[10:01:57.915] [bmv2] [D] [thread 2292] [5.0] [cxt 0] Pipeline 'ingress': start
[10:01:57.915] [bmv2] [T] [thread 2292] [5.0] [cxt 0] l2.p4(85) Condition "hdr.ethernet.dstAddr == 48w0xFFFFFFFFFF" (node_2) is false
[10:01:57.915] [bmv2] [T] [thread 2292] [5.0] [cxt 0] l2.p4(88) Condition "hdr.ethernet.isValid()" (node_4) is true
[10:01:57.915] [bmv2] [T] [thread 2292] [5.0] [cxt 0] Applying table 'L2_Ingress.mac_table'
[10:01:57.915] [bmv2] [D] [thread 2292] [5.0] [cxt 0] Looking up key:
* hdr.ethernet.dstAddr: 333300000002

[10:01:57.915] [bmv2] [D] [thread 2292] [5.0] [cxt 0] Table 'L2_Ingress.mac_table': miss
[10:01:57.915] [bmv2] [D] [thread 2292] [5.0] [cxt 0] Action entry is L2_Ingress.multicast - 
[10:01:57.915] [bmv2] [T] [thread 2292] [5.0] [cxt 0] Action L2_Ingress.multicast
[10:01:57.915] [bmv2] [T] [thread 2292] [5.0] [cxt 0] l2.p4(63) Primitive standard_metadata.mcast_grp = 1
[10:01:57.915] [bmv2] [D] [thread 2292] [5.0] [cxt 0] Pipeline 'ingress': end
[10:01:57.915] [bmv2] [D] [thread 2292] [5.0] [cxt 0] Multicast requested for packet
[10:01:57.915] [bmv2] [D] [thread 2292] number of packets replicated : 3
[10:01:57.915] [bmv2] [D] [thread 2292] [5.0] [cxt 0] Replicating packet on port 1
[10:01:57.916] [bmv2] [D] [thread 2292] [5.0] [cxt 0] Replicating packet on port 2
[10:01:57.916] [bmv2] [D] [thread 2292] [5.0] [cxt 0] Replicating packet on port 3
[10:01:57.916] [bmv2] [D] [thread 2294] [5.1] [cxt 0] Pipeline 'egress': start
[10:01:57.916] [bmv2] [D] [thread 2296] [5.3] [cxt 0] Pipeline 'egress': start
[10:01:57.916] [bmv2] [T] [thread 2294] [5.1] [cxt 0] l2.p4(102) Condition "standard_metadata.egress_port == standard_metadata.ingress_port" (node_8) is false
[10:01:57.916] [bmv2] [D] [thread 2295] [5.2] [cxt 0] Pipeline 'egress': start
[10:01:57.916] [bmv2] [T] [thread 2295] [5.2] [cxt 0] l2.p4(102) Condition "standard_metadata.egress_port == standard_metadata.ingress_port" (node_8) is false
[10:01:57.916] [bmv2] [D] [thread 2294] [5.1] [cxt 0] Pipeline 'egress': end
[10:01:57.916] [bmv2] [D] [thread 2294] [5.1] [cxt 0] Deparser 'deparser': start
[10:01:57.916] [bmv2] [D] [thread 2295] [5.2] [cxt 0] Pipeline 'egress': end
[10:01:57.916] [bmv2] [D] [thread 2294] [5.1] [cxt 0] Deparsing header 'ethernet'
[10:01:57.916] [bmv2] [D] [thread 2295] [5.2] [cxt 0] Deparser 'deparser': start
[10:01:57.916] [bmv2] [D] [thread 2294] [5.1] [cxt 0] Deparser 'deparser': end
[10:01:57.916] [bmv2] [D] [thread 2295] [5.2] [cxt 0] Deparsing header 'ethernet'
[10:01:57.916] [bmv2] [D] [thread 2295] [5.2] [cxt 0] Deparser 'deparser': end
[10:01:57.916] [bmv2] [T] [thread 2296] [5.3] [cxt 0] l2.p4(102) Condition "standard_metadata.egress_port == standard_metadata.ingress_port" (node_8) is true
[10:01:57.917] [bmv2] [T] [thread 2296] [5.3] [cxt 0] Applying table 'tbl_drop'
[10:01:57.917] [bmv2] [D] [thread 2297] [5.1] [cxt 0] Transmitting packet of size 70 out of port 1
[10:01:57.917] [bmv2] [D] [thread 2296] [5.3] [cxt 0] Looking up key:

[10:01:57.917] [bmv2] [D] [thread 2296] [5.3] [cxt 0] Table 'tbl_drop': miss
[10:01:57.917] [bmv2] [D] [thread 2296] [5.3] [cxt 0] Action entry is L2_Egress.drop - 
[10:01:57.917] [bmv2] [T] [thread 2296] [5.3] [cxt 0] Action L2_Egress.drop
[10:01:57.917] [bmv2] [T] [thread 2296] [5.3] [cxt 0] l2.p4(98) Primitive mark_to_drop(standard_metadata)
[10:01:57.917] [bmv2] [D] [thread 2296] [5.3] [cxt 0] Pipeline 'egress': end
[10:01:57.917] [bmv2] [D] [thread 2296] [5.3] [cxt 0] Dropping packet at the end of egress
[10:01:57.917] [bmv2] [D] [thread 2297] [5.2] [cxt 0] Transmitting packet of size 70 out of port 2
[10:01:58.848] [bmv2] [D] [thread 2292] [6.0] [cxt 0] Processing packet received on port 1
[10:01:58.848] [bmv2] [D] [thread 2292] [6.0] [cxt 0] Parser 'parser': start
[10:01:58.848] [bmv2] [D] [thread 2292] [6.0] [cxt 0] Parser 'parser' entering state 'start'
[10:01:58.848] [bmv2] [D] [thread 2292] [6.0] [cxt 0] Extracting header 'ethernet'
[10:01:58.848] [bmv2] [D] [thread 2292] [6.0] [cxt 0] Parser state 'start' has no switch, going to default next state
[10:01:58.848] [bmv2] [T] [thread 2292] [6.0] [cxt 0] Bytes parsed: 14
[10:01:58.848] [bmv2] [D] [thread 2292] [6.0] [cxt 0] Parser 'parser': end
[10:01:58.848] [bmv2] [D] [thread 2292] [6.0] [cxt 0] Pipeline 'ingress': start
[10:01:58.848] [bmv2] [T] [thread 2292] [6.0] [cxt 0] l2.p4(85) Condition "hdr.ethernet.dstAddr == 48w0xFFFFFFFFFF" (node_2) is false
[10:01:58.848] [bmv2] [T] [thread 2292] [6.0] [cxt 0] l2.p4(88) Condition "hdr.ethernet.isValid()" (node_4) is true
[10:01:58.848] [bmv2] [T] [thread 2292] [6.0] [cxt 0] Applying table 'L2_Ingress.mac_table'
[10:01:58.848] [bmv2] [D] [thread 2292] [6.0] [cxt 0] Looking up key:
* hdr.ethernet.dstAddr: 000000000300

[10:01:58.848] [bmv2] [D] [thread 2292] [6.0] [cxt 0] Table 'L2_Ingress.mac_table': hit with handle 1
[10:01:58.848] [bmv2] [D] [thread 2292] [6.0] [cxt 0] Dumping entry 1
Match key:
* hdr.ethernet.dstAddr: EXACT     000000000300
Action entry: L2_Ingress.mac_forward - 2,

[10:01:58.848] [bmv2] [D] [thread 2292] [6.0] [cxt 0] Action entry is L2_Ingress.mac_forward - 2,
[10:01:58.848] [bmv2] [T] [thread 2292] [6.0] [cxt 0] Action L2_Ingress.mac_forward
[10:01:58.848] [bmv2] [T] [thread 2292] [6.0] [cxt 0] l2.p4(67) Primitive standard_metadata.egress_spec = port
[10:01:58.848] [bmv2] [D] [thread 2292] [6.0] [cxt 0] Pipeline 'ingress': end
[10:01:58.848] [bmv2] [D] [thread 2292] [6.0] [cxt 0] Egress port is 2
[10:01:58.849] [bmv2] [D] [thread 2295] [6.0] [cxt 0] Pipeline 'egress': start
[10:01:58.849] [bmv2] [T] [thread 2295] [6.0] [cxt 0] l2.p4(102) Condition "standard_metadata.egress_port == standard_metadata.ingress_port" (node_8) is false
[10:01:58.849] [bmv2] [D] [thread 2295] [6.0] [cxt 0] Pipeline 'egress': end
[10:01:58.849] [bmv2] [D] [thread 2295] [6.0] [cxt 0] Deparser 'deparser': start
[10:01:58.849] [bmv2] [D] [thread 2295] [6.0] [cxt 0] Deparsing header 'ethernet'
[10:01:58.849] [bmv2] [D] [thread 2295] [6.0] [cxt 0] Deparser 'deparser': end
[10:01:58.849] [bmv2] [D] [thread 2297] [6.0] [cxt 0] Transmitting packet of size 98 out of port 2
[10:01:58.849] [bmv2] [D] [thread 2292] [7.0] [cxt 0] Processing packet received on port 2
[10:01:58.850] [bmv2] [D] [thread 2292] [7.0] [cxt 0] Parser 'parser': start
[10:01:58.850] [bmv2] [D] [thread 2292] [7.0] [cxt 0] Parser 'parser' entering state 'start'
[10:01:58.850] [bmv2] [D] [thread 2292] [7.0] [cxt 0] Extracting header 'ethernet'
[10:01:58.850] [bmv2] [D] [thread 2292] [7.0] [cxt 0] Parser state 'start' has no switch, going to default next state
[10:01:58.850] [bmv2] [T] [thread 2292] [7.0] [cxt 0] Bytes parsed: 14
[10:01:58.850] [bmv2] [D] [thread 2292] [7.0] [cxt 0] Parser 'parser': end
[10:01:58.850] [bmv2] [D] [thread 2292] [7.0] [cxt 0] Pipeline 'ingress': start
[10:01:58.850] [bmv2] [T] [thread 2292] [7.0] [cxt 0] l2.p4(85) Condition "hdr.ethernet.dstAddr == 48w0xFFFFFFFFFF" (node_2) is false
[10:01:58.850] [bmv2] [T] [thread 2292] [7.0] [cxt 0] l2.p4(88) Condition "hdr.ethernet.isValid()" (node_4) is true
[10:01:58.850] [bmv2] [T] [thread 2292] [7.0] [cxt 0] Applying table 'L2_Ingress.mac_table'
[10:01:58.850] [bmv2] [D] [thread 2292] [7.0] [cxt 0] Looking up key:
* hdr.ethernet.dstAddr: ffffffffffff

[10:01:58.850] [bmv2] [D] [thread 2292] [7.0] [cxt 0] Table 'L2_Ingress.mac_table': miss
[10:01:58.850] [bmv2] [D] [thread 2292] [7.0] [cxt 0] Action entry is L2_Ingress.multicast - 
[10:01:58.850] [bmv2] [T] [thread 2292] [7.0] [cxt 0] Action L2_Ingress.multicast
[10:01:58.850] [bmv2] [T] [thread 2292] [7.0] [cxt 0] l2.p4(63) Primitive standard_metadata.mcast_grp = 1
[10:01:58.850] [bmv2] [D] [thread 2292] [7.0] [cxt 0] Pipeline 'ingress': end
[10:01:58.850] [bmv2] [D] [thread 2292] [7.0] [cxt 0] Multicast requested for packet
[10:01:58.850] [bmv2] [D] [thread 2292] number of packets replicated : 3
[10:01:58.850] [bmv2] [D] [thread 2292] [7.0] [cxt 0] Replicating packet on port 1
[10:01:58.850] [bmv2] [D] [thread 2292] [7.0] [cxt 0] Replicating packet on port 2
[10:01:58.850] [bmv2] [D] [thread 2292] [7.0] [cxt 0] Replicating packet on port 3
[10:01:58.850] [bmv2] [D] [thread 2295] [7.2] [cxt 0] Pipeline 'egress': start
[10:01:58.850] [bmv2] [T] [thread 2295] [7.2] [cxt 0] l2.p4(102) Condition "standard_metadata.egress_port == standard_metadata.ingress_port" (node_8) is true
[10:01:58.850] [bmv2] [T] [thread 2295] [7.2] [cxt 0] Applying table 'tbl_drop'
[10:01:58.850] [bmv2] [D] [thread 2295] [7.2] [cxt 0] Looking up key:

[10:01:58.850] [bmv2] [D] [thread 2295] [7.2] [cxt 0] Table 'tbl_drop': miss
[10:01:58.850] [bmv2] [D] [thread 2295] [7.2] [cxt 0] Action entry is L2_Egress.drop - 
[10:01:58.850] [bmv2] [T] [thread 2295] [7.2] [cxt 0] Action L2_Egress.drop
[10:01:58.850] [bmv2] [T] [thread 2295] [7.2] [cxt 0] l2.p4(98) Primitive mark_to_drop(standard_metadata)
[10:01:58.850] [bmv2] [D] [thread 2295] [7.2] [cxt 0] Pipeline 'egress': end
[10:01:58.850] [bmv2] [D] [thread 2295] [7.2] [cxt 0] Dropping packet at the end of egress
[10:01:58.850] [bmv2] [D] [thread 2296] [7.3] [cxt 0] Pipeline 'egress': start
[10:01:58.850] [bmv2] [T] [thread 2296] [7.3] [cxt 0] l2.p4(102) Condition "standard_metadata.egress_port == standard_metadata.ingress_port" (node_8) is false
[10:01:58.850] [bmv2] [D] [thread 2296] [7.3] [cxt 0] Pipeline 'egress': end
[10:01:58.850] [bmv2] [D] [thread 2294] [7.1] [cxt 0] Pipeline 'egress': start
[10:01:58.850] [bmv2] [T] [thread 2294] [7.1] [cxt 0] l2.p4(102) Condition "standard_metadata.egress_port == standard_metadata.ingress_port" (node_8) is false
[10:01:58.850] [bmv2] [D] [thread 2294] [7.1] [cxt 0] Pipeline 'egress': end
[10:01:58.850] [bmv2] [D] [thread 2294] [7.1] [cxt 0] Deparser 'deparser': start
[10:01:58.850] [bmv2] [D] [thread 2296] [7.3] [cxt 0] Deparser 'deparser': start
[10:01:58.850] [bmv2] [D] [thread 2296] [7.3] [cxt 0] Deparsing header 'ethernet'
[10:01:58.850] [bmv2] [D] [thread 2296] [7.3] [cxt 0] Deparser 'deparser': end
[10:01:58.850] [bmv2] [D] [thread 2297] [7.3] [cxt 0] Transmitting packet of size 42 out of port 3
[10:01:58.850] [bmv2] [D] [thread 2294] [7.1] [cxt 0] Deparsing header 'ethernet'
[10:01:58.850] [bmv2] [D] [thread 2294] [7.1] [cxt 0] Deparser 'deparser': end
[10:01:58.851] [bmv2] [D] [thread 2297] [7.1] [cxt 0] Transmitting packet of size 42 out of port 1
[10:01:58.852] [bmv2] [D] [thread 2292] [8.0] [cxt 0] Processing packet received on port 1
[10:01:58.852] [bmv2] [D] [thread 2292] [8.0] [cxt 0] Parser 'parser': start
[10:01:58.852] [bmv2] [D] [thread 2292] [8.0] [cxt 0] Parser 'parser' entering state 'start'
[10:01:58.852] [bmv2] [D] [thread 2292] [8.0] [cxt 0] Extracting header 'ethernet'
[10:01:58.852] [bmv2] [D] [thread 2292] [8.0] [cxt 0] Parser state 'start' has no switch, going to default next state
[10:01:58.852] [bmv2] [T] [thread 2292] [8.0] [cxt 0] Bytes parsed: 14
[10:01:58.852] [bmv2] [D] [thread 2292] [8.0] [cxt 0] Parser 'parser': end
[10:01:58.852] [bmv2] [D] [thread 2292] [8.0] [cxt 0] Pipeline 'ingress': start
[10:01:58.852] [bmv2] [T] [thread 2292] [8.0] [cxt 0] l2.p4(85) Condition "hdr.ethernet.dstAddr == 48w0xFFFFFFFFFF" (node_2) is false
[10:01:58.852] [bmv2] [T] [thread 2292] [8.0] [cxt 0] l2.p4(88) Condition "hdr.ethernet.isValid()" (node_4) is true
[10:01:58.852] [bmv2] [T] [thread 2292] [8.0] [cxt 0] Applying table 'L2_Ingress.mac_table'
[10:01:58.852] [bmv2] [D] [thread 2292] [8.0] [cxt 0] Looking up key:
* hdr.ethernet.dstAddr: 000000000300

[10:01:58.852] [bmv2] [D] [thread 2292] [8.0] [cxt 0] Table 'L2_Ingress.mac_table': hit with handle 1
[10:01:58.852] [bmv2] [D] [thread 2292] [8.0] [cxt 0] Dumping entry 1
Match key:
* hdr.ethernet.dstAddr: EXACT     000000000300
Action entry: L2_Ingress.mac_forward - 2,

[10:01:58.852] [bmv2] [D] [thread 2292] [8.0] [cxt 0] Action entry is L2_Ingress.mac_forward - 2,
[10:01:58.852] [bmv2] [T] [thread 2292] [8.0] [cxt 0] Action L2_Ingress.mac_forward
[10:01:58.852] [bmv2] [T] [thread 2292] [8.0] [cxt 0] l2.p4(67) Primitive standard_metadata.egress_spec = port
[10:01:58.852] [bmv2] [D] [thread 2292] [8.0] [cxt 0] Pipeline 'ingress': end
[10:01:58.852] [bmv2] [D] [thread 2292] [8.0] [cxt 0] Egress port is 2
[10:01:58.852] [bmv2] [D] [thread 2295] [8.0] [cxt 0] Pipeline 'egress': start
[10:01:58.852] [bmv2] [T] [thread 2295] [8.0] [cxt 0] l2.p4(102) Condition "standard_metadata.egress_port == standard_metadata.ingress_port" (node_8) is false
[10:01:58.852] [bmv2] [D] [thread 2295] [8.0] [cxt 0] Pipeline 'egress': end
[10:01:58.852] [bmv2] [D] [thread 2295] [8.0] [cxt 0] Deparser 'deparser': start
[10:01:58.852] [bmv2] [D] [thread 2295] [8.0] [cxt 0] Deparsing header 'ethernet'
[10:01:58.852] [bmv2] [D] [thread 2295] [8.0] [cxt 0] Deparser 'deparser': end
[10:01:58.852] [bmv2] [D] [thread 2297] [8.0] [cxt 0] Transmitting packet of size 42 out of port 2
[10:01:58.853] [bmv2] [D] [thread 2292] [9.0] [cxt 0] Processing packet received on port 2
[10:01:58.853] [bmv2] [D] [thread 2292] [9.0] [cxt 0] Parser 'parser': start
[10:01:58.853] [bmv2] [D] [thread 2292] [9.0] [cxt 0] Parser 'parser' entering state 'start'
[10:01:58.853] [bmv2] [D] [thread 2292] [9.0] [cxt 0] Extracting header 'ethernet'
[10:01:58.853] [bmv2] [D] [thread 2292] [9.0] [cxt 0] Parser state 'start' has no switch, going to default next state
[10:01:58.853] [bmv2] [T] [thread 2292] [9.0] [cxt 0] Bytes parsed: 14
[10:01:58.853] [bmv2] [D] [thread 2292] [9.0] [cxt 0] Parser 'parser': end
[10:01:58.853] [bmv2] [D] [thread 2292] [9.0] [cxt 0] Pipeline 'ingress': start
[10:01:58.853] [bmv2] [T] [thread 2292] [9.0] [cxt 0] l2.p4(85) Condition "hdr.ethernet.dstAddr == 48w0xFFFFFFFFFF" (node_2) is false
[10:01:58.853] [bmv2] [T] [thread 2292] [9.0] [cxt 0] l2.p4(88) Condition "hdr.ethernet.isValid()" (node_4) is true
[10:01:58.853] [bmv2] [T] [thread 2292] [9.0] [cxt 0] Applying table 'L2_Ingress.mac_table'
[10:01:58.853] [bmv2] [D] [thread 2292] [9.0] [cxt 0] Looking up key:
* hdr.ethernet.dstAddr: 200000000000

[10:01:58.853] [bmv2] [D] [thread 2292] [9.0] [cxt 0] Table 'L2_Ingress.mac_table': hit with handle 0
[10:01:58.853] [bmv2] [D] [thread 2292] [9.0] [cxt 0] Dumping entry 0
Match key:
* hdr.ethernet.dstAddr: EXACT     200000000000
Action entry: L2_Ingress.mac_forward - 1,

[10:01:58.853] [bmv2] [D] [thread 2292] [9.0] [cxt 0] Action entry is L2_Ingress.mac_forward - 1,
[10:01:58.853] [bmv2] [T] [thread 2292] [9.0] [cxt 0] Action L2_Ingress.mac_forward
[10:01:58.853] [bmv2] [T] [thread 2292] [9.0] [cxt 0] l2.p4(67) Primitive standard_metadata.egress_spec = port
[10:01:58.853] [bmv2] [D] [thread 2292] [9.0] [cxt 0] Pipeline 'ingress': end
[10:01:58.853] [bmv2] [D] [thread 2292] [9.0] [cxt 0] Egress port is 1
[10:01:58.853] [bmv2] [D] [thread 2294] [9.0] [cxt 0] Pipeline 'egress': start
[10:01:58.853] [bmv2] [T] [thread 2294] [9.0] [cxt 0] l2.p4(102) Condition "standard_metadata.egress_port == standard_metadata.ingress_port" (node_8) is false
[10:01:58.853] [bmv2] [D] [thread 2294] [9.0] [cxt 0] Pipeline 'egress': end
[10:01:58.853] [bmv2] [D] [thread 2294] [9.0] [cxt 0] Deparser 'deparser': start
[10:01:58.853] [bmv2] [D] [thread 2294] [9.0] [cxt 0] Deparsing header 'ethernet'
[10:01:58.853] [bmv2] [D] [thread 2294] [9.0] [cxt 0] Deparser 'deparser': end
[10:01:58.853] [bmv2] [D] [thread 2297] [9.0] [cxt 0] Transmitting packet of size 98 out of port 1
[10:01:58.861] [bmv2] [D] [thread 2292] [10.0] [cxt 0] Processing packet received on port 1
[10:01:58.861] [bmv2] [D] [thread 2292] [10.0] [cxt 0] Parser 'parser': start
[10:01:58.861] [bmv2] [D] [thread 2292] [10.0] [cxt 0] Parser 'parser' entering state 'start'
[10:01:58.861] [bmv2] [D] [thread 2292] [10.0] [cxt 0] Extracting header 'ethernet'
[10:01:58.861] [bmv2] [D] [thread 2292] [10.0] [cxt 0] Parser state 'start' has no switch, going to default next state
[10:01:58.861] [bmv2] [T] [thread 2292] [10.0] [cxt 0] Bytes parsed: 14
[10:01:58.861] [bmv2] [D] [thread 2292] [10.0] [cxt 0] Parser 'parser': end
[10:01:58.861] [bmv2] [D] [thread 2292] [10.0] [cxt 0] Pipeline 'ingress': start
[10:01:58.861] [bmv2] [T] [thread 2292] [10.0] [cxt 0] l2.p4(85) Condition "hdr.ethernet.dstAddr == 48w0xFFFFFFFFFF" (node_2) is false
[10:01:58.861] [bmv2] [T] [thread 2292] [10.0] [cxt 0] l2.p4(88) Condition "hdr.ethernet.isValid()" (node_4) is true
[10:01:58.861] [bmv2] [T] [thread 2292] [10.0] [cxt 0] Applying table 'L2_Ingress.mac_table'
[10:01:58.861] [bmv2] [D] [thread 2292] [10.0] [cxt 0] Looking up key:
* hdr.ethernet.dstAddr: 000000000400

[10:01:58.861] [bmv2] [D] [thread 2292] [10.0] [cxt 0] Table 'L2_Ingress.mac_table': hit with handle 2
[10:01:58.861] [bmv2] [D] [thread 2292] [10.0] [cxt 0] Dumping entry 2
Match key:
* hdr.ethernet.dstAddr: EXACT     000000000400
Action entry: L2_Ingress.mac_forward - 3,

[10:01:58.861] [bmv2] [D] [thread 2292] [10.0] [cxt 0] Action entry is L2_Ingress.mac_forward - 3,
[10:01:58.861] [bmv2] [T] [thread 2292] [10.0] [cxt 0] Action L2_Ingress.mac_forward
[10:01:58.861] [bmv2] [T] [thread 2292] [10.0] [cxt 0] l2.p4(67) Primitive standard_metadata.egress_spec = port
[10:01:58.861] [bmv2] [D] [thread 2292] [10.0] [cxt 0] Pipeline 'ingress': end
[10:01:58.861] [bmv2] [D] [thread 2292] [10.0] [cxt 0] Egress port is 3
[10:01:58.862] [bmv2] [D] [thread 2296] [10.0] [cxt 0] Pipeline 'egress': start
[10:01:58.862] [bmv2] [T] [thread 2296] [10.0] [cxt 0] l2.p4(102) Condition "standard_metadata.egress_port == standard_metadata.ingress_port" (node_8) is false
[10:01:58.862] [bmv2] [D] [thread 2296] [10.0] [cxt 0] Pipeline 'egress': end
[10:01:58.862] [bmv2] [D] [thread 2296] [10.0] [cxt 0] Deparser 'deparser': start
[10:01:58.862] [bmv2] [D] [thread 2296] [10.0] [cxt 0] Deparsing header 'ethernet'
[10:01:58.862] [bmv2] [D] [thread 2296] [10.0] [cxt 0] Deparser 'deparser': end
[10:01:58.862] [bmv2] [D] [thread 2297] [10.0] [cxt 0] Transmitting packet of size 98 out of port 3
[10:01:58.864] [bmv2] [D] [thread 2292] [11.0] [cxt 0] Processing packet received on port 3
[10:01:58.865] [bmv2] [D] [thread 2292] [11.0] [cxt 0] Parser 'parser': start
[10:01:58.865] [bmv2] [D] [thread 2292] [11.0] [cxt 0] Parser 'parser' entering state 'start'
[10:01:58.865] [bmv2] [D] [thread 2292] [11.0] [cxt 0] Extracting header 'ethernet'
[10:01:58.865] [bmv2] [D] [thread 2292] [11.0] [cxt 0] Parser state 'start' has no switch, going to default next state
[10:01:58.865] [bmv2] [T] [thread 2292] [11.0] [cxt 0] Bytes parsed: 14
[10:01:58.865] [bmv2] [D] [thread 2292] [11.0] [cxt 0] Parser 'parser': end
[10:01:58.865] [bmv2] [D] [thread 2292] [11.0] [cxt 0] Pipeline 'ingress': start
[10:01:58.865] [bmv2] [T] [thread 2292] [11.0] [cxt 0] l2.p4(85) Condition "hdr.ethernet.dstAddr == 48w0xFFFFFFFFFF" (node_2) is false
[10:01:58.865] [bmv2] [T] [thread 2292] [11.0] [cxt 0] l2.p4(88) Condition "hdr.ethernet.isValid()" (node_4) is true
[10:01:58.865] [bmv2] [T] [thread 2292] [11.0] [cxt 0] Applying table 'L2_Ingress.mac_table'
[10:01:58.865] [bmv2] [D] [thread 2292] [11.0] [cxt 0] Looking up key:
* hdr.ethernet.dstAddr: ffffffffffff

[10:01:58.865] [bmv2] [D] [thread 2292] [11.0] [cxt 0] Table 'L2_Ingress.mac_table': miss
[10:01:58.865] [bmv2] [D] [thread 2292] [11.0] [cxt 0] Action entry is L2_Ingress.multicast - 
[10:01:58.865] [bmv2] [T] [thread 2292] [11.0] [cxt 0] Action L2_Ingress.multicast
[10:01:58.865] [bmv2] [T] [thread 2292] [11.0] [cxt 0] l2.p4(63) Primitive standard_metadata.mcast_grp = 1
[10:01:58.865] [bmv2] [D] [thread 2292] [11.0] [cxt 0] Pipeline 'ingress': end
[10:01:58.865] [bmv2] [D] [thread 2292] [11.0] [cxt 0] Multicast requested for packet
[10:01:58.865] [bmv2] [D] [thread 2292] number of packets replicated : 3
[10:01:58.865] [bmv2] [D] [thread 2292] [11.0] [cxt 0] Replicating packet on port 1
[10:01:58.865] [bmv2] [D] [thread 2292] [11.0] [cxt 0] Replicating packet on port 2
[10:01:58.865] [bmv2] [D] [thread 2294] [11.1] [cxt 0] Pipeline 'egress': start
[10:01:58.865] [bmv2] [D] [thread 2292] [11.0] [cxt 0] Replicating packet on port 3
[10:01:58.865] [bmv2] [T] [thread 2294] [11.1] [cxt 0] l2.p4(102) Condition "standard_metadata.egress_port == standard_metadata.ingress_port" (node_8) is false
[10:01:58.865] [bmv2] [D] [thread 2294] [11.1] [cxt 0] Pipeline 'egress': end
[10:01:58.865] [bmv2] [D] [thread 2294] [11.1] [cxt 0] Deparser 'deparser': start
[10:01:58.865] [bmv2] [D] [thread 2294] [11.1] [cxt 0] Deparsing header 'ethernet'
[10:01:58.865] [bmv2] [D] [thread 2294] [11.1] [cxt 0] Deparser 'deparser': end
[10:01:58.865] [bmv2] [D] [thread 2296] [11.3] [cxt 0] Pipeline 'egress': start
[10:01:58.866] [bmv2] [T] [thread 2296] [11.3] [cxt 0] l2.p4(102) Condition "standard_metadata.egress_port == standard_metadata.ingress_port" (node_8) is true
[10:01:58.866] [bmv2] [D] [thread 2295] [11.2] [cxt 0] Pipeline 'egress': start
[10:01:58.866] [bmv2] [T] [thread 2295] [11.2] [cxt 0] l2.p4(102) Condition "standard_metadata.egress_port == standard_metadata.ingress_port" (node_8) is false
[10:01:58.866] [bmv2] [D] [thread 2295] [11.2] [cxt 0] Pipeline 'egress': end
[10:01:58.866] [bmv2] [D] [thread 2295] [11.2] [cxt 0] Deparser 'deparser': start
[10:01:58.866] [bmv2] [T] [thread 2296] [11.3] [cxt 0] Applying table 'tbl_drop'
[10:01:58.866] [bmv2] [D] [thread 2296] [11.3] [cxt 0] Looking up key:

[10:01:58.866] [bmv2] [D] [thread 2296] [11.3] [cxt 0] Table 'tbl_drop': miss
[10:01:58.865] [bmv2] [D] [thread 2297] [11.1] [cxt 0] Transmitting packet of size 42 out of port 1
[10:01:58.866] [bmv2] [D] [thread 2295] [11.2] [cxt 0] Deparsing header 'ethernet'
[10:01:58.866] [bmv2] [D] [thread 2295] [11.2] [cxt 0] Deparser 'deparser': end
[10:01:58.866] [bmv2] [D] [thread 2296] [11.3] [cxt 0] Action entry is L2_Egress.drop - 
[10:01:58.866] [bmv2] [T] [thread 2296] [11.3] [cxt 0] Action L2_Egress.drop
[10:01:58.866] [bmv2] [T] [thread 2296] [11.3] [cxt 0] l2.p4(98) Primitive mark_to_drop(standard_metadata)
[10:01:58.866] [bmv2] [D] [thread 2297] [11.2] [cxt 0] Transmitting packet of size 42 out of port 2
[10:01:58.866] [bmv2] [D] [thread 2296] [11.3] [cxt 0] Pipeline 'egress': end
[10:01:58.866] [bmv2] [D] [thread 2296] [11.3] [cxt 0] Dropping packet at the end of egress
[10:01:58.867] [bmv2] [D] [thread 2292] [12.0] [cxt 0] Processing packet received on port 1
[10:01:58.867] [bmv2] [D] [thread 2292] [12.0] [cxt 0] Parser 'parser': start
[10:01:58.867] [bmv2] [D] [thread 2292] [12.0] [cxt 0] Parser 'parser' entering state 'start'
[10:01:58.867] [bmv2] [D] [thread 2292] [12.0] [cxt 0] Extracting header 'ethernet'
[10:01:58.867] [bmv2] [D] [thread 2292] [12.0] [cxt 0] Parser state 'start' has no switch, going to default next state
[10:01:58.867] [bmv2] [T] [thread 2292] [12.0] [cxt 0] Bytes parsed: 14
[10:01:58.867] [bmv2] [D] [thread 2292] [12.0] [cxt 0] Parser 'parser': end
[10:01:58.867] [bmv2] [D] [thread 2292] [12.0] [cxt 0] Pipeline 'ingress': start
[10:01:58.868] [bmv2] [T] [thread 2292] [12.0] [cxt 0] l2.p4(85) Condition "hdr.ethernet.dstAddr == 48w0xFFFFFFFFFF" (node_2) is false
[10:01:58.868] [bmv2] [T] [thread 2292] [12.0] [cxt 0] l2.p4(88) Condition "hdr.ethernet.isValid()" (node_4) is true
[10:01:58.868] [bmv2] [T] [thread 2292] [12.0] [cxt 0] Applying table 'L2_Ingress.mac_table'
[10:01:58.868] [bmv2] [D] [thread 2292] [12.0] [cxt 0] Looking up key:
* hdr.ethernet.dstAddr: 000000000400

[10:01:58.868] [bmv2] [D] [thread 2292] [12.0] [cxt 0] Table 'L2_Ingress.mac_table': hit with handle 2
[10:01:58.868] [bmv2] [D] [thread 2292] [12.0] [cxt 0] Dumping entry 2
Match key:
* hdr.ethernet.dstAddr: EXACT     000000000400
Action entry: L2_Ingress.mac_forward - 3,

[10:01:58.868] [bmv2] [D] [thread 2292] [12.0] [cxt 0] Action entry is L2_Ingress.mac_forward - 3,
[10:01:58.868] [bmv2] [T] [thread 2292] [12.0] [cxt 0] Action L2_Ingress.mac_forward
[10:01:58.868] [bmv2] [T] [thread 2292] [12.0] [cxt 0] l2.p4(67) Primitive standard_metadata.egress_spec = port
[10:01:58.868] [bmv2] [D] [thread 2292] [12.0] [cxt 0] Pipeline 'ingress': end
[10:01:58.868] [bmv2] [D] [thread 2292] [12.0] [cxt 0] Egress port is 3
[10:01:58.868] [bmv2] [D] [thread 2296] [12.0] [cxt 0] Pipeline 'egress': start
[10:01:58.868] [bmv2] [T] [thread 2296] [12.0] [cxt 0] l2.p4(102) Condition "standard_metadata.egress_port == standard_metadata.ingress_port" (node_8) is false
[10:01:58.868] [bmv2] [D] [thread 2296] [12.0] [cxt 0] Pipeline 'egress': end
[10:01:58.868] [bmv2] [D] [thread 2296] [12.0] [cxt 0] Deparser 'deparser': start
[10:01:58.868] [bmv2] [D] [thread 2296] [12.0] [cxt 0] Deparsing header 'ethernet'
[10:01:58.868] [bmv2] [D] [thread 2296] [12.0] [cxt 0] Deparser 'deparser': end
[10:01:58.868] [bmv2] [D] [thread 2297] [12.0] [cxt 0] Transmitting packet of size 42 out of port 3
[10:01:58.868] [bmv2] [D] [thread 2292] [13.0] [cxt 0] Processing packet received on port 3
[10:01:58.868] [bmv2] [D] [thread 2292] [13.0] [cxt 0] Parser 'parser': start
[10:01:58.868] [bmv2] [D] [thread 2292] [13.0] [cxt 0] Parser 'parser' entering state 'start'
[10:01:58.868] [bmv2] [D] [thread 2292] [13.0] [cxt 0] Extracting header 'ethernet'
[10:01:58.868] [bmv2] [D] [thread 2292] [13.0] [cxt 0] Parser state 'start' has no switch, going to default next state
[10:01:58.868] [bmv2] [T] [thread 2292] [13.0] [cxt 0] Bytes parsed: 14
[10:01:58.868] [bmv2] [D] [thread 2292] [13.0] [cxt 0] Parser 'parser': end
[10:01:58.868] [bmv2] [D] [thread 2292] [13.0] [cxt 0] Pipeline 'ingress': start
[10:01:58.868] [bmv2] [T] [thread 2292] [13.0] [cxt 0] l2.p4(85) Condition "hdr.ethernet.dstAddr == 48w0xFFFFFFFFFF" (node_2) is false
[10:01:58.868] [bmv2] [T] [thread 2292] [13.0] [cxt 0] l2.p4(88) Condition "hdr.ethernet.isValid()" (node_4) is true
[10:01:58.868] [bmv2] [T] [thread 2292] [13.0] [cxt 0] Applying table 'L2_Ingress.mac_table'
[10:01:58.868] [bmv2] [D] [thread 2292] [13.0] [cxt 0] Looking up key:
* hdr.ethernet.dstAddr: 200000000000

[10:01:58.868] [bmv2] [D] [thread 2292] [13.0] [cxt 0] Table 'L2_Ingress.mac_table': hit with handle 0
[10:01:58.868] [bmv2] [D] [thread 2292] [13.0] [cxt 0] Dumping entry 0
Match key:
* hdr.ethernet.dstAddr: EXACT     200000000000
Action entry: L2_Ingress.mac_forward - 1,

[10:01:58.868] [bmv2] [D] [thread 2292] [13.0] [cxt 0] Action entry is L2_Ingress.mac_forward - 1,
[10:01:58.868] [bmv2] [T] [thread 2292] [13.0] [cxt 0] Action L2_Ingress.mac_forward
[10:01:58.868] [bmv2] [T] [thread 2292] [13.0] [cxt 0] l2.p4(67) Primitive standard_metadata.egress_spec = port
[10:01:58.868] [bmv2] [D] [thread 2292] [13.0] [cxt 0] Pipeline 'ingress': end
[10:01:58.868] [bmv2] [D] [thread 2292] [13.0] [cxt 0] Egress port is 1
[10:01:58.868] [bmv2] [D] [thread 2294] [13.0] [cxt 0] Pipeline 'egress': start
[10:01:58.868] [bmv2] [T] [thread 2294] [13.0] [cxt 0] l2.p4(102) Condition "standard_metadata.egress_port == standard_metadata.ingress_port" (node_8) is false
[10:01:58.868] [bmv2] [D] [thread 2294] [13.0] [cxt 0] Pipeline 'egress': end
[10:01:58.868] [bmv2] [D] [thread 2294] [13.0] [cxt 0] Deparser 'deparser': start
[10:01:58.868] [bmv2] [D] [thread 2294] [13.0] [cxt 0] Deparsing header 'ethernet'
[10:01:58.869] [bmv2] [D] [thread 2294] [13.0] [cxt 0] Deparser 'deparser': end
[10:01:58.869] [bmv2] [D] [thread 2297] [13.0] [cxt 0] Transmitting packet of size 98 out of port 1
[10:01:58.891] [bmv2] [D] [thread 2292] [14.0] [cxt 0] Processing packet received on port 1
[10:01:58.891] [bmv2] [D] [thread 2292] [14.0] [cxt 0] Parser 'parser': start
[10:01:58.891] [bmv2] [D] [thread 2292] [14.0] [cxt 0] Parser 'parser' entering state 'start'
[10:01:58.891] [bmv2] [D] [thread 2292] [14.0] [cxt 0] Extracting header 'ethernet'
[10:01:58.891] [bmv2] [D] [thread 2292] [14.0] [cxt 0] Parser state 'start' has no switch, going to default next state
[10:01:58.891] [bmv2] [T] [thread 2292] [14.0] [cxt 0] Bytes parsed: 14
[10:01:58.891] [bmv2] [D] [thread 2292] [14.0] [cxt 0] Parser 'parser': end
[10:01:58.891] [bmv2] [D] [thread 2292] [14.0] [cxt 0] Pipeline 'ingress': start
[10:01:58.891] [bmv2] [T] [thread 2292] [14.0] [cxt 0] l2.p4(85) Condition "hdr.ethernet.dstAddr == 48w0xFFFFFFFFFF" (node_2) is false
[10:01:58.891] [bmv2] [T] [thread 2292] [14.0] [cxt 0] l2.p4(88) Condition "hdr.ethernet.isValid()" (node_4) is true
[10:01:58.891] [bmv2] [T] [thread 2292] [14.0] [cxt 0] Applying table 'L2_Ingress.mac_table'
[10:01:58.891] [bmv2] [D] [thread 2292] [14.0] [cxt 0] Looking up key:
* hdr.ethernet.dstAddr: 000000000300

[10:01:58.891] [bmv2] [D] [thread 2292] [14.0] [cxt 0] Table 'L2_Ingress.mac_table': hit with handle 1
[10:01:58.891] [bmv2] [D] [thread 2292] [14.0] [cxt 0] Dumping entry 1
Match key:
* hdr.ethernet.dstAddr: EXACT     000000000300
Action entry: L2_Ingress.mac_forward - 2,

[10:01:58.891] [bmv2] [D] [thread 2292] [14.0] [cxt 0] Action entry is L2_Ingress.mac_forward - 2,
[10:01:58.891] [bmv2] [T] [thread 2292] [14.0] [cxt 0] Action L2_Ingress.mac_forward
[10:01:58.891] [bmv2] [T] [thread 2292] [14.0] [cxt 0] l2.p4(67) Primitive standard_metadata.egress_spec = port
[10:01:58.891] [bmv2] [D] [thread 2292] [14.0] [cxt 0] Pipeline 'ingress': end
[10:01:58.891] [bmv2] [D] [thread 2292] [14.0] [cxt 0] Egress port is 2
[10:01:58.891] [bmv2] [D] [thread 2295] [14.0] [cxt 0] Pipeline 'egress': start
[10:01:58.891] [bmv2] [T] [thread 2295] [14.0] [cxt 0] l2.p4(102) Condition "standard_metadata.egress_port == standard_metadata.ingress_port" (node_8) is false
[10:01:58.891] [bmv2] [D] [thread 2295] [14.0] [cxt 0] Pipeline 'egress': end
[10:01:58.891] [bmv2] [D] [thread 2295] [14.0] [cxt 0] Deparser 'deparser': start
[10:01:58.891] [bmv2] [D] [thread 2295] [14.0] [cxt 0] Deparsing header 'ethernet'
[10:01:58.891] [bmv2] [D] [thread 2295] [14.0] [cxt 0] Deparser 'deparser': end
[10:01:58.891] [bmv2] [D] [thread 2297] [14.0] [cxt 0] Transmitting packet of size 98 out of port 2
[10:01:58.892] [bmv2] [D] [thread 2292] [15.0] [cxt 0] Processing packet received on port 2
[10:01:58.892] [bmv2] [D] [thread 2292] [15.0] [cxt 0] Parser 'parser': start
[10:01:58.892] [bmv2] [D] [thread 2292] [15.0] [cxt 0] Parser 'parser' entering state 'start'
[10:01:58.892] [bmv2] [D] [thread 2292] [15.0] [cxt 0] Extracting header 'ethernet'
[10:01:58.892] [bmv2] [D] [thread 2292] [15.0] [cxt 0] Parser state 'start' has no switch, going to default next state
[10:01:58.892] [bmv2] [T] [thread 2292] [15.0] [cxt 0] Bytes parsed: 14
[10:01:58.892] [bmv2] [D] [thread 2292] [15.0] [cxt 0] Parser 'parser': end
[10:01:58.892] [bmv2] [D] [thread 2292] [15.0] [cxt 0] Pipeline 'ingress': start
[10:01:58.892] [bmv2] [T] [thread 2292] [15.0] [cxt 0] l2.p4(85) Condition "hdr.ethernet.dstAddr == 48w0xFFFFFFFFFF" (node_2) is false
[10:01:58.892] [bmv2] [T] [thread 2292] [15.0] [cxt 0] l2.p4(88) Condition "hdr.ethernet.isValid()" (node_4) is true
[10:01:58.892] [bmv2] [T] [thread 2292] [15.0] [cxt 0] Applying table 'L2_Ingress.mac_table'
[10:01:58.892] [bmv2] [D] [thread 2292] [15.0] [cxt 0] Looking up key:
* hdr.ethernet.dstAddr: 200000000000

[10:01:58.892] [bmv2] [D] [thread 2292] [15.0] [cxt 0] Table 'L2_Ingress.mac_table': hit with handle 0
[10:01:58.892] [bmv2] [D] [thread 2292] [15.0] [cxt 0] Dumping entry 0
Match key:
* hdr.ethernet.dstAddr: EXACT     200000000000
Action entry: L2_Ingress.mac_forward - 1,

[10:01:58.892] [bmv2] [D] [thread 2292] [15.0] [cxt 0] Action entry is L2_Ingress.mac_forward - 1,
[10:01:58.892] [bmv2] [T] [thread 2292] [15.0] [cxt 0] Action L2_Ingress.mac_forward
[10:01:58.892] [bmv2] [T] [thread 2292] [15.0] [cxt 0] l2.p4(67) Primitive standard_metadata.egress_spec = port
[10:01:58.892] [bmv2] [D] [thread 2292] [15.0] [cxt 0] Pipeline 'ingress': end
[10:01:58.892] [bmv2] [D] [thread 2292] [15.0] [cxt 0] Egress port is 1
[10:01:58.892] [bmv2] [D] [thread 2294] [15.0] [cxt 0] Pipeline 'egress': start
[10:01:58.892] [bmv2] [T] [thread 2294] [15.0] [cxt 0] l2.p4(102) Condition "standard_metadata.egress_port == standard_metadata.ingress_port" (node_8) is false
[10:01:58.892] [bmv2] [D] [thread 2294] [15.0] [cxt 0] Pipeline 'egress': end
[10:01:58.892] [bmv2] [D] [thread 2294] [15.0] [cxt 0] Deparser 'deparser': start
[10:01:58.892] [bmv2] [D] [thread 2294] [15.0] [cxt 0] Deparsing header 'ethernet'
[10:01:58.892] [bmv2] [D] [thread 2294] [15.0] [cxt 0] Deparser 'deparser': end
[10:01:58.892] [bmv2] [D] [thread 2297] [15.0] [cxt 0] Transmitting packet of size 98 out of port 1
[10:01:58.904] [bmv2] [D] [thread 2292] [16.0] [cxt 0] Processing packet received on port 1
[10:01:58.904] [bmv2] [D] [thread 2292] [16.0] [cxt 0] Parser 'parser': start
[10:01:58.904] [bmv2] [D] [thread 2292] [16.0] [cxt 0] Parser 'parser' entering state 'start'
[10:01:58.904] [bmv2] [D] [thread 2292] [16.0] [cxt 0] Extracting header 'ethernet'
[10:01:58.904] [bmv2] [D] [thread 2292] [16.0] [cxt 0] Parser state 'start' has no switch, going to default next state
[10:01:58.904] [bmv2] [T] [thread 2292] [16.0] [cxt 0] Bytes parsed: 14
[10:01:58.904] [bmv2] [D] [thread 2292] [16.0] [cxt 0] Parser 'parser': end
[10:01:58.904] [bmv2] [D] [thread 2292] [16.0] [cxt 0] Pipeline 'ingress': start
[10:01:58.904] [bmv2] [T] [thread 2292] [16.0] [cxt 0] l2.p4(85) Condition "hdr.ethernet.dstAddr == 48w0xFFFFFFFFFF" (node_2) is false
[10:01:58.904] [bmv2] [T] [thread 2292] [16.0] [cxt 0] l2.p4(88) Condition "hdr.ethernet.isValid()" (node_4) is true
[10:01:58.904] [bmv2] [T] [thread 2292] [16.0] [cxt 0] Applying table 'L2_Ingress.mac_table'
[10:01:58.904] [bmv2] [D] [thread 2292] [16.0] [cxt 0] Looking up key:
* hdr.ethernet.dstAddr: 000000000400

[10:01:58.904] [bmv2] [D] [thread 2292] [16.0] [cxt 0] Table 'L2_Ingress.mac_table': hit with handle 2
[10:01:58.904] [bmv2] [D] [thread 2292] [16.0] [cxt 0] Dumping entry 2
Match key:
* hdr.ethernet.dstAddr: EXACT     000000000400
Action entry: L2_Ingress.mac_forward - 3,

[10:01:58.904] [bmv2] [D] [thread 2292] [16.0] [cxt 0] Action entry is L2_Ingress.mac_forward - 3,
[10:01:58.904] [bmv2] [T] [thread 2292] [16.0] [cxt 0] Action L2_Ingress.mac_forward
[10:01:58.904] [bmv2] [T] [thread 2292] [16.0] [cxt 0] l2.p4(67) Primitive standard_metadata.egress_spec = port
[10:01:58.904] [bmv2] [D] [thread 2292] [16.0] [cxt 0] Pipeline 'ingress': end
[10:01:58.905] [bmv2] [D] [thread 2292] [16.0] [cxt 0] Egress port is 3
[10:01:58.905] [bmv2] [D] [thread 2296] [16.0] [cxt 0] Pipeline 'egress': start
[10:01:58.905] [bmv2] [T] [thread 2296] [16.0] [cxt 0] l2.p4(102) Condition "standard_metadata.egress_port == standard_metadata.ingress_port" (node_8) is false
[10:01:58.905] [bmv2] [D] [thread 2296] [16.0] [cxt 0] Pipeline 'egress': end
[10:01:58.905] [bmv2] [D] [thread 2296] [16.0] [cxt 0] Deparser 'deparser': start
[10:01:58.905] [bmv2] [D] [thread 2296] [16.0] [cxt 0] Deparsing header 'ethernet'
[10:01:58.905] [bmv2] [D] [thread 2296] [16.0] [cxt 0] Deparser 'deparser': end
[10:01:58.905] [bmv2] [D] [thread 2297] [16.0] [cxt 0] Transmitting packet of size 98 out of port 3
[10:01:58.905] [bmv2] [D] [thread 2292] [17.0] [cxt 0] Processing packet received on port 3
[10:01:58.905] [bmv2] [D] [thread 2292] [17.0] [cxt 0] Parser 'parser': start
[10:01:58.905] [bmv2] [D] [thread 2292] [17.0] [cxt 0] Parser 'parser' entering state 'start'
[10:01:58.905] [bmv2] [D] [thread 2292] [17.0] [cxt 0] Extracting header 'ethernet'
[10:01:58.905] [bmv2] [D] [thread 2292] [17.0] [cxt 0] Parser state 'start' has no switch, going to default next state
[10:01:58.905] [bmv2] [T] [thread 2292] [17.0] [cxt 0] Bytes parsed: 14
[10:01:58.905] [bmv2] [D] [thread 2292] [17.0] [cxt 0] Parser 'parser': end
[10:01:58.905] [bmv2] [D] [thread 2292] [17.0] [cxt 0] Pipeline 'ingress': start
[10:01:58.905] [bmv2] [T] [thread 2292] [17.0] [cxt 0] l2.p4(85) Condition "hdr.ethernet.dstAddr == 48w0xFFFFFFFFFF" (node_2) is false
[10:01:58.905] [bmv2] [T] [thread 2292] [17.0] [cxt 0] l2.p4(88) Condition "hdr.ethernet.isValid()" (node_4) is true
[10:01:58.905] [bmv2] [T] [thread 2292] [17.0] [cxt 0] Applying table 'L2_Ingress.mac_table'
[10:01:58.905] [bmv2] [D] [thread 2292] [17.0] [cxt 0] Looking up key:
* hdr.ethernet.dstAddr: 200000000000

[10:01:58.905] [bmv2] [D] [thread 2292] [17.0] [cxt 0] Table 'L2_Ingress.mac_table': hit with handle 0
[10:01:58.905] [bmv2] [D] [thread 2292] [17.0] [cxt 0] Dumping entry 0
Match key:
* hdr.ethernet.dstAddr: EXACT     200000000000
Action entry: L2_Ingress.mac_forward - 1,

[10:01:58.905] [bmv2] [D] [thread 2292] [17.0] [cxt 0] Action entry is L2_Ingress.mac_forward - 1,
[10:01:58.905] [bmv2] [T] [thread 2292] [17.0] [cxt 0] Action L2_Ingress.mac_forward
[10:01:58.905] [bmv2] [T] [thread 2292] [17.0] [cxt 0] l2.p4(67) Primitive standard_metadata.egress_spec = port
[10:01:58.905] [bmv2] [D] [thread 2292] [17.0] [cxt 0] Pipeline 'ingress': end
[10:01:58.905] [bmv2] [D] [thread 2292] [17.0] [cxt 0] Egress port is 1
[10:01:58.906] [bmv2] [D] [thread 2294] [17.0] [cxt 0] Pipeline 'egress': start
[10:01:58.906] [bmv2] [T] [thread 2294] [17.0] [cxt 0] l2.p4(102) Condition "standard_metadata.egress_port == standard_metadata.ingress_port" (node_8) is false
[10:01:58.906] [bmv2] [D] [thread 2294] [17.0] [cxt 0] Pipeline 'egress': end
[10:01:58.906] [bmv2] [D] [thread 2294] [17.0] [cxt 0] Deparser 'deparser': start
[10:01:58.906] [bmv2] [D] [thread 2294] [17.0] [cxt 0] Deparsing header 'ethernet'
[10:01:58.906] [bmv2] [D] [thread 2294] [17.0] [cxt 0] Deparser 'deparser': end
[10:01:58.906] [bmv2] [D] [thread 2297] [17.0] [cxt 0] Transmitting packet of size 98 out of port 1
[10:01:58.913] [bmv2] [D] [thread 2292] [18.0] [cxt 0] Processing packet received on port 2
[10:01:58.913] [bmv2] [D] [thread 2292] [18.0] [cxt 0] Parser 'parser': start
[10:01:58.913] [bmv2] [D] [thread 2292] [18.0] [cxt 0] Parser 'parser' entering state 'start'
[10:01:58.913] [bmv2] [D] [thread 2292] [18.0] [cxt 0] Extracting header 'ethernet'
[10:01:58.913] [bmv2] [D] [thread 2292] [18.0] [cxt 0] Parser state 'start' has no switch, going to default next state
[10:01:58.913] [bmv2] [T] [thread 2292] [18.0] [cxt 0] Bytes parsed: 14
[10:01:58.913] [bmv2] [D] [thread 2292] [18.0] [cxt 0] Parser 'parser': end
[10:01:58.913] [bmv2] [D] [thread 2292] [18.0] [cxt 0] Pipeline 'ingress': start
[10:01:58.913] [bmv2] [T] [thread 2292] [18.0] [cxt 0] l2.p4(85) Condition "hdr.ethernet.dstAddr == 48w0xFFFFFFFFFF" (node_2) is false
[10:01:58.913] [bmv2] [T] [thread 2292] [18.0] [cxt 0] l2.p4(88) Condition "hdr.ethernet.isValid()" (node_4) is true
[10:01:58.913] [bmv2] [T] [thread 2292] [18.0] [cxt 0] Applying table 'L2_Ingress.mac_table'
[10:01:58.913] [bmv2] [D] [thread 2292] [18.0] [cxt 0] Looking up key:
* hdr.ethernet.dstAddr: 200000000000

[10:01:58.913] [bmv2] [D] [thread 2292] [18.0] [cxt 0] Table 'L2_Ingress.mac_table': hit with handle 0
[10:01:58.913] [bmv2] [D] [thread 2292] [18.0] [cxt 0] Dumping entry 0
Match key:
* hdr.ethernet.dstAddr: EXACT     200000000000
Action entry: L2_Ingress.mac_forward - 1,

[10:01:58.913] [bmv2] [D] [thread 2292] [18.0] [cxt 0] Action entry is L2_Ingress.mac_forward - 1,
[10:01:58.913] [bmv2] [T] [thread 2292] [18.0] [cxt 0] Action L2_Ingress.mac_forward
[10:01:58.913] [bmv2] [T] [thread 2292] [18.0] [cxt 0] l2.p4(67) Primitive standard_metadata.egress_spec = port
[10:01:58.913] [bmv2] [D] [thread 2292] [18.0] [cxt 0] Pipeline 'ingress': end
[10:01:58.913] [bmv2] [D] [thread 2292] [18.0] [cxt 0] Egress port is 1
[10:01:58.913] [bmv2] [D] [thread 2294] [18.0] [cxt 0] Pipeline 'egress': start
[10:01:58.913] [bmv2] [T] [thread 2294] [18.0] [cxt 0] l2.p4(102) Condition "standard_metadata.egress_port == standard_metadata.ingress_port" (node_8) is false
[10:01:58.913] [bmv2] [D] [thread 2294] [18.0] [cxt 0] Pipeline 'egress': end
[10:01:58.913] [bmv2] [D] [thread 2294] [18.0] [cxt 0] Deparser 'deparser': start
[10:01:58.913] [bmv2] [D] [thread 2294] [18.0] [cxt 0] Deparsing header 'ethernet'
[10:01:58.913] [bmv2] [D] [thread 2294] [18.0] [cxt 0] Deparser 'deparser': end
[10:01:58.913] [bmv2] [D] [thread 2297] [18.0] [cxt 0] Transmitting packet of size 98 out of port 1
[10:01:58.918] [bmv2] [D] [thread 2292] [19.0] [cxt 0] Processing packet received on port 1
[10:01:58.918] [bmv2] [D] [thread 2292] [19.0] [cxt 0] Parser 'parser': start
[10:01:58.918] [bmv2] [D] [thread 2292] [19.0] [cxt 0] Parser 'parser' entering state 'start'
[10:01:58.918] [bmv2] [D] [thread 2292] [19.0] [cxt 0] Extracting header 'ethernet'
[10:01:58.918] [bmv2] [D] [thread 2292] [19.0] [cxt 0] Parser state 'start' has no switch, going to default next state
[10:01:58.918] [bmv2] [T] [thread 2292] [19.0] [cxt 0] Bytes parsed: 14
[10:01:58.918] [bmv2] [D] [thread 2292] [19.0] [cxt 0] Parser 'parser': end
[10:01:58.918] [bmv2] [D] [thread 2292] [19.0] [cxt 0] Pipeline 'ingress': start
[10:01:58.918] [bmv2] [T] [thread 2292] [19.0] [cxt 0] l2.p4(85) Condition "hdr.ethernet.dstAddr == 48w0xFFFFFFFFFF" (node_2) is false
[10:01:58.918] [bmv2] [T] [thread 2292] [19.0] [cxt 0] l2.p4(88) Condition "hdr.ethernet.isValid()" (node_4) is true
[10:01:58.918] [bmv2] [T] [thread 2292] [19.0] [cxt 0] Applying table 'L2_Ingress.mac_table'
[10:01:58.918] [bmv2] [D] [thread 2292] [19.0] [cxt 0] Looking up key:
* hdr.ethernet.dstAddr: 000000000300

[10:01:58.918] [bmv2] [D] [thread 2292] [19.0] [cxt 0] Table 'L2_Ingress.mac_table': hit with handle 1
[10:01:58.918] [bmv2] [D] [thread 2292] [19.0] [cxt 0] Dumping entry 1
Match key:
* hdr.ethernet.dstAddr: EXACT     000000000300
Action entry: L2_Ingress.mac_forward - 2,

[10:01:58.918] [bmv2] [D] [thread 2292] [19.0] [cxt 0] Action entry is L2_Ingress.mac_forward - 2,
[10:01:58.918] [bmv2] [T] [thread 2292] [19.0] [cxt 0] Action L2_Ingress.mac_forward
[10:01:58.918] [bmv2] [T] [thread 2292] [19.0] [cxt 0] l2.p4(67) Primitive standard_metadata.egress_spec = port
[10:01:58.918] [bmv2] [D] [thread 2292] [19.0] [cxt 0] Pipeline 'ingress': end
[10:01:58.918] [bmv2] [D] [thread 2292] [19.0] [cxt 0] Egress port is 2
[10:01:58.919] [bmv2] [D] [thread 2295] [19.0] [cxt 0] Pipeline 'egress': start
[10:01:58.919] [bmv2] [T] [thread 2295] [19.0] [cxt 0] l2.p4(102) Condition "standard_metadata.egress_port == standard_metadata.ingress_port" (node_8) is false
[10:01:58.919] [bmv2] [D] [thread 2295] [19.0] [cxt 0] Pipeline 'egress': end
[10:01:58.919] [bmv2] [D] [thread 2295] [19.0] [cxt 0] Deparser 'deparser': start
[10:01:58.919] [bmv2] [D] [thread 2295] [19.0] [cxt 0] Deparsing header 'ethernet'
[10:01:58.919] [bmv2] [D] [thread 2295] [19.0] [cxt 0] Deparser 'deparser': end
[10:01:58.919] [bmv2] [D] [thread 2297] [19.0] [cxt 0] Transmitting packet of size 98 out of port 2
[10:01:58.923] [bmv2] [D] [thread 2292] [20.0] [cxt 0] Processing packet received on port 2
[10:01:58.923] [bmv2] [D] [thread 2292] [20.0] [cxt 0] Parser 'parser': start
[10:01:58.923] [bmv2] [D] [thread 2292] [20.0] [cxt 0] Parser 'parser' entering state 'start'
[10:01:58.923] [bmv2] [D] [thread 2292] [20.0] [cxt 0] Extracting header 'ethernet'
[10:01:58.923] [bmv2] [D] [thread 2292] [20.0] [cxt 0] Parser state 'start' has no switch, going to default next state
[10:01:58.923] [bmv2] [T] [thread 2292] [20.0] [cxt 0] Bytes parsed: 14
[10:01:58.923] [bmv2] [D] [thread 2292] [20.0] [cxt 0] Parser 'parser': end
[10:01:58.923] [bmv2] [D] [thread 2292] [20.0] [cxt 0] Pipeline 'ingress': start
[10:01:58.923] [bmv2] [T] [thread 2292] [20.0] [cxt 0] l2.p4(85) Condition "hdr.ethernet.dstAddr == 48w0xFFFFFFFFFF" (node_2) is false
[10:01:58.923] [bmv2] [T] [thread 2292] [20.0] [cxt 0] l2.p4(88) Condition "hdr.ethernet.isValid()" (node_4) is true
[10:01:58.923] [bmv2] [T] [thread 2292] [20.0] [cxt 0] Applying table 'L2_Ingress.mac_table'
[10:01:58.923] [bmv2] [D] [thread 2292] [20.0] [cxt 0] Looking up key:
* hdr.ethernet.dstAddr: 200000000000

[10:01:58.923] [bmv2] [D] [thread 2292] [20.0] [cxt 0] Table 'L2_Ingress.mac_table': hit with handle 0
[10:01:58.923] [bmv2] [D] [thread 2292] [20.0] [cxt 0] Dumping entry 0
Match key:
* hdr.ethernet.dstAddr: EXACT     200000000000
Action entry: L2_Ingress.mac_forward - 1,

[10:01:58.923] [bmv2] [D] [thread 2292] [20.0] [cxt 0] Action entry is L2_Ingress.mac_forward - 1,
[10:01:58.923] [bmv2] [T] [thread 2292] [20.0] [cxt 0] Action L2_Ingress.mac_forward
[10:01:58.923] [bmv2] [T] [thread 2292] [20.0] [cxt 0] l2.p4(67) Primitive standard_metadata.egress_spec = port
[10:01:58.923] [bmv2] [D] [thread 2292] [20.0] [cxt 0] Pipeline 'ingress': end
[10:01:58.923] [bmv2] [D] [thread 2292] [20.0] [cxt 0] Egress port is 1
[10:01:58.924] [bmv2] [D] [thread 2294] [20.0] [cxt 0] Pipeline 'egress': start
[10:01:58.924] [bmv2] [T] [thread 2294] [20.0] [cxt 0] l2.p4(102) Condition "standard_metadata.egress_port == standard_metadata.ingress_port" (node_8) is false
[10:01:58.924] [bmv2] [D] [thread 2294] [20.0] [cxt 0] Pipeline 'egress': end
[10:01:58.924] [bmv2] [D] [thread 2294] [20.0] [cxt 0] Deparser 'deparser': start
[10:01:58.924] [bmv2] [D] [thread 2294] [20.0] [cxt 0] Deparsing header 'ethernet'
[10:01:58.924] [bmv2] [D] [thread 2294] [20.0] [cxt 0] Deparser 'deparser': end
[10:01:58.924] [bmv2] [D] [thread 2297] [20.0] [cxt 0] Transmitting packet of size 98 out of port 1
[10:01:58.927] [bmv2] [D] [thread 2292] [21.0] [cxt 0] Processing packet received on port 1
[10:01:58.928] [bmv2] [D] [thread 2292] [21.0] [cxt 0] Parser 'parser': start
[10:01:58.928] [bmv2] [D] [thread 2292] [21.0] [cxt 0] Parser 'parser' entering state 'start'
[10:01:58.928] [bmv2] [D] [thread 2292] [21.0] [cxt 0] Extracting header 'ethernet'
[10:01:58.928] [bmv2] [D] [thread 2292] [21.0] [cxt 0] Parser state 'start' has no switch, going to default next state
[10:01:58.928] [bmv2] [T] [thread 2292] [21.0] [cxt 0] Bytes parsed: 14
[10:01:58.928] [bmv2] [D] [thread 2292] [21.0] [cxt 0] Parser 'parser': end
[10:01:58.928] [bmv2] [D] [thread 2292] [21.0] [cxt 0] Pipeline 'ingress': start
[10:01:58.928] [bmv2] [T] [thread 2292] [21.0] [cxt 0] l2.p4(85) Condition "hdr.ethernet.dstAddr == 48w0xFFFFFFFFFF" (node_2) is false
[10:01:58.928] [bmv2] [T] [thread 2292] [21.0] [cxt 0] l2.p4(88) Condition "hdr.ethernet.isValid()" (node_4) is true
[10:01:58.928] [bmv2] [T] [thread 2292] [21.0] [cxt 0] Applying table 'L2_Ingress.mac_table'
[10:01:58.928] [bmv2] [D] [thread 2292] [21.0] [cxt 0] Looking up key:
* hdr.ethernet.dstAddr: 000000000300

[10:01:58.928] [bmv2] [D] [thread 2292] [21.0] [cxt 0] Table 'L2_Ingress.mac_table': hit with handle 1
[10:01:58.928] [bmv2] [D] [thread 2292] [21.0] [cxt 0] Dumping entry 1
Match key:
* hdr.ethernet.dstAddr: EXACT     000000000300
Action entry: L2_Ingress.mac_forward - 2,

[10:01:58.928] [bmv2] [D] [thread 2292] [21.0] [cxt 0] Action entry is L2_Ingress.mac_forward - 2,
[10:01:58.928] [bmv2] [T] [thread 2292] [21.0] [cxt 0] Action L2_Ingress.mac_forward
[10:01:58.928] [bmv2] [T] [thread 2292] [21.0] [cxt 0] l2.p4(67) Primitive standard_metadata.egress_spec = port
[10:01:58.928] [bmv2] [D] [thread 2292] [21.0] [cxt 0] Pipeline 'ingress': end
[10:01:58.928] [bmv2] [D] [thread 2292] [21.0] [cxt 0] Egress port is 2
[10:01:58.928] [bmv2] [D] [thread 2295] [21.0] [cxt 0] Pipeline 'egress': start
[10:01:58.928] [bmv2] [T] [thread 2295] [21.0] [cxt 0] l2.p4(102) Condition "standard_metadata.egress_port == standard_metadata.ingress_port" (node_8) is false
[10:01:58.928] [bmv2] [D] [thread 2295] [21.0] [cxt 0] Pipeline 'egress': end
[10:01:58.928] [bmv2] [D] [thread 2295] [21.0] [cxt 0] Deparser 'deparser': start
[10:01:58.928] [bmv2] [D] [thread 2295] [21.0] [cxt 0] Deparsing header 'ethernet'
[10:01:58.928] [bmv2] [D] [thread 2295] [21.0] [cxt 0] Deparser 'deparser': end
[10:01:58.928] [bmv2] [D] [thread 2297] [21.0] [cxt 0] Transmitting packet of size 98 out of port 2
[10:01:58.936] [bmv2] [D] [thread 2292] [22.0] [cxt 0] Processing packet received on port 2
[10:01:58.936] [bmv2] [D] [thread 2292] [22.0] [cxt 0] Parser 'parser': start
[10:01:58.936] [bmv2] [D] [thread 2292] [22.0] [cxt 0] Parser 'parser' entering state 'start'
[10:01:58.936] [bmv2] [D] [thread 2292] [22.0] [cxt 0] Extracting header 'ethernet'
[10:01:58.936] [bmv2] [D] [thread 2292] [22.0] [cxt 0] Parser state 'start' has no switch, going to default next state
[10:01:58.936] [bmv2] [T] [thread 2292] [22.0] [cxt 0] Bytes parsed: 14
[10:01:58.936] [bmv2] [D] [thread 2292] [22.0] [cxt 0] Parser 'parser': end
[10:01:58.936] [bmv2] [D] [thread 2292] [22.0] [cxt 0] Pipeline 'ingress': start
[10:01:58.936] [bmv2] [T] [thread 2292] [22.0] [cxt 0] l2.p4(85) Condition "hdr.ethernet.dstAddr == 48w0xFFFFFFFFFF" (node_2) is false
[10:01:58.936] [bmv2] [T] [thread 2292] [22.0] [cxt 0] l2.p4(88) Condition "hdr.ethernet.isValid()" (node_4) is true
[10:01:58.936] [bmv2] [T] [thread 2292] [22.0] [cxt 0] Applying table 'L2_Ingress.mac_table'
[10:01:58.936] [bmv2] [D] [thread 2292] [22.0] [cxt 0] Looking up key:
* hdr.ethernet.dstAddr: ffffffffffff

[10:01:58.936] [bmv2] [D] [thread 2292] [22.0] [cxt 0] Table 'L2_Ingress.mac_table': miss
[10:01:58.936] [bmv2] [D] [thread 2292] [22.0] [cxt 0] Action entry is L2_Ingress.multicast - 
[10:01:58.936] [bmv2] [T] [thread 2292] [22.0] [cxt 0] Action L2_Ingress.multicast
[10:01:58.936] [bmv2] [T] [thread 2292] [22.0] [cxt 0] l2.p4(63) Primitive standard_metadata.mcast_grp = 1
[10:01:58.936] [bmv2] [D] [thread 2292] [22.0] [cxt 0] Pipeline 'ingress': end
[10:01:58.936] [bmv2] [D] [thread 2292] [22.0] [cxt 0] Multicast requested for packet
[10:01:58.936] [bmv2] [D] [thread 2292] number of packets replicated : 3
[10:01:58.936] [bmv2] [D] [thread 2292] [22.0] [cxt 0] Replicating packet on port 1
[10:01:58.936] [bmv2] [D] [thread 2292] [22.0] [cxt 0] Replicating packet on port 2
[10:01:58.936] [bmv2] [D] [thread 2294] [22.1] [cxt 0] Pipeline 'egress': start
[10:01:58.936] [bmv2] [T] [thread 2294] [22.1] [cxt 0] l2.p4(102) Condition "standard_metadata.egress_port == standard_metadata.ingress_port" (node_8) is false
[10:01:58.936] [bmv2] [D] [thread 2292] [22.0] [cxt 0] Replicating packet on port 3
[10:01:58.936] [bmv2] [D] [thread 2294] [22.1] [cxt 0] Pipeline 'egress': end
[10:01:58.936] [bmv2] [D] [thread 2294] [22.1] [cxt 0] Deparser 'deparser': start
[10:01:58.936] [bmv2] [D] [thread 2295] [22.2] [cxt 0] Pipeline 'egress': start
[10:01:58.937] [bmv2] [T] [thread 2295] [22.2] [cxt 0] l2.p4(102) Condition "standard_metadata.egress_port == standard_metadata.ingress_port" (node_8) is true
[10:01:58.937] [bmv2] [T] [thread 2295] [22.2] [cxt 0] Applying table 'tbl_drop'
[10:01:58.937] [bmv2] [D] [thread 2295] [22.2] [cxt 0] Looking up key:

[10:01:58.937] [bmv2] [D] [thread 2295] [22.2] [cxt 0] Table 'tbl_drop': miss
[10:01:58.937] [bmv2] [D] [thread 2295] [22.2] [cxt 0] Action entry is L2_Egress.drop - 
[10:01:58.936] [bmv2] [D] [thread 2294] [22.1] [cxt 0] Deparsing header 'ethernet'
[10:01:58.937] [bmv2] [D] [thread 2294] [22.1] [cxt 0] Deparser 'deparser': end
[10:01:58.937] [bmv2] [T] [thread 2295] [22.2] [cxt 0] Action L2_Egress.drop
[10:01:58.937] [bmv2] [T] [thread 2295] [22.2] [cxt 0] l2.p4(98) Primitive mark_to_drop(standard_metadata)
[10:01:58.936] [bmv2] [D] [thread 2296] [22.3] [cxt 0] Pipeline 'egress': start
[10:01:58.937] [bmv2] [D] [thread 2297] [22.1] [cxt 0] Transmitting packet of size 42 out of port 1
[10:01:58.937] [bmv2] [T] [thread 2296] [22.3] [cxt 0] l2.p4(102) Condition "standard_metadata.egress_port == standard_metadata.ingress_port" (node_8) is false
[10:01:58.937] [bmv2] [D] [thread 2296] [22.3] [cxt 0] Pipeline 'egress': end
[10:01:58.937] [bmv2] [D] [thread 2296] [22.3] [cxt 0] Deparser 'deparser': start
[10:01:58.937] [bmv2] [D] [thread 2296] [22.3] [cxt 0] Deparsing header 'ethernet'
[10:01:58.937] [bmv2] [D] [thread 2296] [22.3] [cxt 0] Deparser 'deparser': end
[10:01:58.937] [bmv2] [D] [thread 2295] [22.2] [cxt 0] Pipeline 'egress': end
[10:01:58.937] [bmv2] [D] [thread 2295] [22.2] [cxt 0] Dropping packet at the end of egress
[10:01:58.937] [bmv2] [D] [thread 2297] [22.3] [cxt 0] Transmitting packet of size 42 out of port 3
[10:01:58.938] [bmv2] [D] [thread 2292] [23.0] [cxt 0] Processing packet received on port 3
[10:01:58.938] [bmv2] [D] [thread 2292] [23.0] [cxt 0] Parser 'parser': start
[10:01:58.938] [bmv2] [D] [thread 2292] [23.0] [cxt 0] Parser 'parser' entering state 'start'
[10:01:58.938] [bmv2] [D] [thread 2292] [23.0] [cxt 0] Extracting header 'ethernet'
[10:01:58.938] [bmv2] [D] [thread 2292] [23.0] [cxt 0] Parser state 'start' has no switch, going to default next state
[10:01:58.938] [bmv2] [T] [thread 2292] [23.0] [cxt 0] Bytes parsed: 14
[10:01:58.938] [bmv2] [D] [thread 2292] [23.0] [cxt 0] Parser 'parser': end
[10:01:58.938] [bmv2] [D] [thread 2292] [23.0] [cxt 0] Pipeline 'ingress': start
[10:01:58.938] [bmv2] [T] [thread 2292] [23.0] [cxt 0] l2.p4(85) Condition "hdr.ethernet.dstAddr == 48w0xFFFFFFFFFF" (node_2) is false
[10:01:58.938] [bmv2] [T] [thread 2292] [23.0] [cxt 0] l2.p4(88) Condition "hdr.ethernet.isValid()" (node_4) is true
[10:01:58.938] [bmv2] [T] [thread 2292] [23.0] [cxt 0] Applying table 'L2_Ingress.mac_table'
[10:01:58.938] [bmv2] [D] [thread 2292] [23.0] [cxt 0] Looking up key:
* hdr.ethernet.dstAddr: 000000000300

[10:01:58.938] [bmv2] [D] [thread 2292] [23.0] [cxt 0] Table 'L2_Ingress.mac_table': hit with handle 1
[10:01:58.938] [bmv2] [D] [thread 2292] [23.0] [cxt 0] Dumping entry 1
Match key:
* hdr.ethernet.dstAddr: EXACT     000000000300
Action entry: L2_Ingress.mac_forward - 2,

[10:01:58.938] [bmv2] [D] [thread 2292] [23.0] [cxt 0] Action entry is L2_Ingress.mac_forward - 2,
[10:01:58.938] [bmv2] [T] [thread 2292] [23.0] [cxt 0] Action L2_Ingress.mac_forward
[10:01:58.938] [bmv2] [T] [thread 2292] [23.0] [cxt 0] l2.p4(67) Primitive standard_metadata.egress_spec = port
[10:01:58.938] [bmv2] [D] [thread 2292] [23.0] [cxt 0] Pipeline 'ingress': end
[10:01:58.938] [bmv2] [D] [thread 2292] [23.0] [cxt 0] Egress port is 2
[10:01:58.938] [bmv2] [D] [thread 2295] [23.0] [cxt 0] Pipeline 'egress': start
[10:01:58.938] [bmv2] [T] [thread 2295] [23.0] [cxt 0] l2.p4(102) Condition "standard_metadata.egress_port == standard_metadata.ingress_port" (node_8) is false
[10:01:58.938] [bmv2] [D] [thread 2295] [23.0] [cxt 0] Pipeline 'egress': end
[10:01:58.938] [bmv2] [D] [thread 2295] [23.0] [cxt 0] Deparser 'deparser': start
[10:01:58.938] [bmv2] [D] [thread 2295] [23.0] [cxt 0] Deparsing header 'ethernet'
[10:01:58.938] [bmv2] [D] [thread 2295] [23.0] [cxt 0] Deparser 'deparser': end
[10:01:58.938] [bmv2] [D] [thread 2297] [23.0] [cxt 0] Transmitting packet of size 42 out of port 2
[10:01:58.939] [bmv2] [D] [thread 2292] [24.0] [cxt 0] Processing packet received on port 1
[10:01:58.939] [bmv2] [D] [thread 2292] [24.0] [cxt 0] Parser 'parser': start
[10:01:58.939] [bmv2] [D] [thread 2292] [24.0] [cxt 0] Parser 'parser' entering state 'start'
[10:01:58.939] [bmv2] [D] [thread 2292] [24.0] [cxt 0] Extracting header 'ethernet'
[10:01:58.939] [bmv2] [D] [thread 2292] [24.0] [cxt 0] Parser state 'start' has no switch, going to default next state
[10:01:58.939] [bmv2] [T] [thread 2292] [24.0] [cxt 0] Bytes parsed: 14
[10:01:58.939] [bmv2] [D] [thread 2292] [24.0] [cxt 0] Parser 'parser': end
[10:01:58.939] [bmv2] [D] [thread 2292] [24.0] [cxt 0] Pipeline 'ingress': start
[10:01:58.939] [bmv2] [T] [thread 2292] [24.0] [cxt 0] l2.p4(85) Condition "hdr.ethernet.dstAddr == 48w0xFFFFFFFFFF" (node_2) is false
[10:01:58.939] [bmv2] [T] [thread 2292] [24.0] [cxt 0] l2.p4(88) Condition "hdr.ethernet.isValid()" (node_4) is true
[10:01:58.939] [bmv2] [T] [thread 2292] [24.0] [cxt 0] Applying table 'L2_Ingress.mac_table'
[10:01:58.939] [bmv2] [D] [thread 2292] [24.0] [cxt 0] Looking up key:
* hdr.ethernet.dstAddr: 000000000300

[10:01:58.939] [bmv2] [D] [thread 2292] [24.0] [cxt 0] Table 'L2_Ingress.mac_table': hit with handle 1
[10:01:58.939] [bmv2] [D] [thread 2292] [24.0] [cxt 0] Dumping entry 1
Match key:
* hdr.ethernet.dstAddr: EXACT     000000000300
Action entry: L2_Ingress.mac_forward - 2,

[10:01:58.939] [bmv2] [D] [thread 2292] [24.0] [cxt 0] Action entry is L2_Ingress.mac_forward - 2,
[10:01:58.939] [bmv2] [T] [thread 2292] [24.0] [cxt 0] Action L2_Ingress.mac_forward
[10:01:58.939] [bmv2] [T] [thread 2292] [24.0] [cxt 0] l2.p4(67) Primitive standard_metadata.egress_spec = port
[10:01:58.939] [bmv2] [D] [thread 2292] [24.0] [cxt 0] Pipeline 'ingress': end
[10:01:58.939] [bmv2] [D] [thread 2292] [24.0] [cxt 0] Egress port is 2
[10:01:58.939] [bmv2] [D] [thread 2292] [25.0] [cxt 0] Processing packet received on port 2
[10:01:58.939] [bmv2] [D] [thread 2292] [25.0] [cxt 0] Parser 'parser': start
[10:01:58.939] [bmv2] [D] [thread 2292] [25.0] [cxt 0] Parser 'parser' entering state 'start'
[10:01:58.939] [bmv2] [D] [thread 2292] [25.0] [cxt 0] Extracting header 'ethernet'
[10:01:58.939] [bmv2] [D] [thread 2292] [25.0] [cxt 0] Parser state 'start' has no switch, going to default next state
[10:01:58.939] [bmv2] [T] [thread 2292] [25.0] [cxt 0] Bytes parsed: 14
[10:01:58.939] [bmv2] [D] [thread 2292] [25.0] [cxt 0] Parser 'parser': end
[10:01:58.939] [bmv2] [D] [thread 2292] [25.0] [cxt 0] Pipeline 'ingress': start
[10:01:58.939] [bmv2] [T] [thread 2292] [25.0] [cxt 0] l2.p4(85) Condition "hdr.ethernet.dstAddr == 48w0xFFFFFFFFFF" (node_2) is false
[10:01:58.939] [bmv2] [T] [thread 2292] [25.0] [cxt 0] l2.p4(88) Condition "hdr.ethernet.isValid()" (node_4) is true
[10:01:58.939] [bmv2] [T] [thread 2292] [25.0] [cxt 0] Applying table 'L2_Ingress.mac_table'
[10:01:58.939] [bmv2] [D] [thread 2292] [25.0] [cxt 0] Looking up key:
* hdr.ethernet.dstAddr: 000000000400

[10:01:58.939] [bmv2] [D] [thread 2292] [25.0] [cxt 0] Table 'L2_Ingress.mac_table': hit with handle 2
[10:01:58.939] [bmv2] [D] [thread 2292] [25.0] [cxt 0] Dumping entry 2
Match key:
* hdr.ethernet.dstAddr: EXACT     000000000400
Action entry: L2_Ingress.mac_forward - 3,

[10:01:58.939] [bmv2] [D] [thread 2292] [25.0] [cxt 0] Action entry is L2_Ingress.mac_forward - 3,
[10:01:58.939] [bmv2] [T] [thread 2292] [25.0] [cxt 0] Action L2_Ingress.mac_forward
[10:01:58.939] [bmv2] [T] [thread 2292] [25.0] [cxt 0] l2.p4(67) Primitive standard_metadata.egress_spec = port
[10:01:58.939] [bmv2] [D] [thread 2292] [25.0] [cxt 0] Pipeline 'ingress': end
[10:01:58.939] [bmv2] [D] [thread 2292] [25.0] [cxt 0] Egress port is 3
[10:01:58.939] [bmv2] [D] [thread 2295] [24.0] [cxt 0] Pipeline 'egress': start
[10:01:58.939] [bmv2] [T] [thread 2295] [24.0] [cxt 0] l2.p4(102) Condition "standard_metadata.egress_port == standard_metadata.ingress_port" (node_8) is false
[10:01:58.939] [bmv2] [D] [thread 2295] [24.0] [cxt 0] Pipeline 'egress': end
[10:01:58.939] [bmv2] [D] [thread 2295] [24.0] [cxt 0] Deparser 'deparser': start
[10:01:58.939] [bmv2] [D] [thread 2295] [24.0] [cxt 0] Deparsing header 'ethernet'
[10:01:58.939] [bmv2] [D] [thread 2295] [24.0] [cxt 0] Deparser 'deparser': end
[10:01:58.939] [bmv2] [D] [thread 2296] [25.0] [cxt 0] Pipeline 'egress': start
[10:01:58.939] [bmv2] [T] [thread 2296] [25.0] [cxt 0] l2.p4(102) Condition "standard_metadata.egress_port == standard_metadata.ingress_port" (node_8) is false
[10:01:58.939] [bmv2] [D] [thread 2296] [25.0] [cxt 0] Pipeline 'egress': end
[10:01:58.939] [bmv2] [D] [thread 2296] [25.0] [cxt 0] Deparser 'deparser': start
[10:01:58.939] [bmv2] [D] [thread 2296] [25.0] [cxt 0] Deparsing header 'ethernet'
[10:01:58.939] [bmv2] [D] [thread 2296] [25.0] [cxt 0] Deparser 'deparser': end
[10:01:58.939] [bmv2] [D] [thread 2297] [24.0] [cxt 0] Transmitting packet of size 42 out of port 2
[10:01:58.939] [bmv2] [D] [thread 2297] [25.0] [cxt 0] Transmitting packet of size 98 out of port 3
[10:01:58.940] [bmv2] [D] [thread 2292] [26.0] [cxt 0] Processing packet received on port 3
[10:01:58.940] [bmv2] [D] [thread 2292] [26.0] [cxt 0] Parser 'parser': start
[10:01:58.940] [bmv2] [D] [thread 2292] [26.0] [cxt 0] Parser 'parser' entering state 'start'
[10:01:58.940] [bmv2] [D] [thread 2292] [26.0] [cxt 0] Extracting header 'ethernet'
[10:01:58.940] [bmv2] [D] [thread 2292] [26.0] [cxt 0] Parser state 'start' has no switch, going to default next state
[10:01:58.940] [bmv2] [T] [thread 2292] [26.0] [cxt 0] Bytes parsed: 14
[10:01:58.940] [bmv2] [D] [thread 2292] [26.0] [cxt 0] Parser 'parser': end
[10:01:58.940] [bmv2] [D] [thread 2292] [26.0] [cxt 0] Pipeline 'ingress': start
[10:01:58.940] [bmv2] [T] [thread 2292] [26.0] [cxt 0] l2.p4(85) Condition "hdr.ethernet.dstAddr == 48w0xFFFFFFFFFF" (node_2) is false
[10:01:58.940] [bmv2] [T] [thread 2292] [26.0] [cxt 0] l2.p4(88) Condition "hdr.ethernet.isValid()" (node_4) is true
[10:01:58.940] [bmv2] [T] [thread 2292] [26.0] [cxt 0] Applying table 'L2_Ingress.mac_table'
[10:01:58.940] [bmv2] [D] [thread 2292] [26.0] [cxt 0] Looking up key:
* hdr.ethernet.dstAddr: 000000000300

[10:01:58.940] [bmv2] [D] [thread 2292] [26.0] [cxt 0] Table 'L2_Ingress.mac_table': hit with handle 1
[10:01:58.940] [bmv2] [D] [thread 2292] [26.0] [cxt 0] Dumping entry 1
Match key:
* hdr.ethernet.dstAddr: EXACT     000000000300
Action entry: L2_Ingress.mac_forward - 2,

[10:01:58.940] [bmv2] [D] [thread 2292] [26.0] [cxt 0] Action entry is L2_Ingress.mac_forward - 2,
[10:01:58.940] [bmv2] [T] [thread 2292] [26.0] [cxt 0] Action L2_Ingress.mac_forward
[10:01:58.940] [bmv2] [T] [thread 2292] [26.0] [cxt 0] l2.p4(67) Primitive standard_metadata.egress_spec = port
[10:01:58.940] [bmv2] [D] [thread 2292] [26.0] [cxt 0] Pipeline 'ingress': end
[10:01:58.940] [bmv2] [D] [thread 2292] [26.0] [cxt 0] Egress port is 2
[10:01:58.940] [bmv2] [D] [thread 2295] [26.0] [cxt 0] Pipeline 'egress': start
[10:01:58.940] [bmv2] [T] [thread 2295] [26.0] [cxt 0] l2.p4(102) Condition "standard_metadata.egress_port == standard_metadata.ingress_port" (node_8) is false
[10:01:58.940] [bmv2] [D] [thread 2295] [26.0] [cxt 0] Pipeline 'egress': end
[10:01:58.940] [bmv2] [D] [thread 2295] [26.0] [cxt 0] Deparser 'deparser': start
[10:01:58.940] [bmv2] [D] [thread 2295] [26.0] [cxt 0] Deparsing header 'ethernet'
[10:01:58.940] [bmv2] [D] [thread 2295] [26.0] [cxt 0] Deparser 'deparser': end
[10:01:58.940] [bmv2] [D] [thread 2297] [26.0] [cxt 0] Transmitting packet of size 98 out of port 2
[10:01:58.946] [bmv2] [D] [thread 2292] [27.0] [cxt 0] Processing packet received on port 3
[10:01:58.946] [bmv2] [D] [thread 2292] [27.0] [cxt 0] Parser 'parser': start
[10:01:58.946] [bmv2] [D] [thread 2292] [27.0] [cxt 0] Parser 'parser' entering state 'start'
[10:01:58.946] [bmv2] [D] [thread 2292] [27.0] [cxt 0] Extracting header 'ethernet'
[10:01:58.946] [bmv2] [D] [thread 2292] [27.0] [cxt 0] Parser state 'start' has no switch, going to default next state
[10:01:58.946] [bmv2] [T] [thread 2292] [27.0] [cxt 0] Bytes parsed: 14
[10:01:58.946] [bmv2] [D] [thread 2292] [27.0] [cxt 0] Parser 'parser': end
[10:01:58.946] [bmv2] [D] [thread 2292] [27.0] [cxt 0] Pipeline 'ingress': start
[10:01:58.946] [bmv2] [T] [thread 2292] [27.0] [cxt 0] l2.p4(85) Condition "hdr.ethernet.dstAddr == 48w0xFFFFFFFFFF" (node_2) is false
[10:01:58.946] [bmv2] [T] [thread 2292] [27.0] [cxt 0] l2.p4(88) Condition "hdr.ethernet.isValid()" (node_4) is true
[10:01:58.946] [bmv2] [T] [thread 2292] [27.0] [cxt 0] Applying table 'L2_Ingress.mac_table'
[10:01:58.946] [bmv2] [D] [thread 2292] [27.0] [cxt 0] Looking up key:
* hdr.ethernet.dstAddr: 200000000000

[10:01:58.946] [bmv2] [D] [thread 2292] [27.0] [cxt 0] Table 'L2_Ingress.mac_table': hit with handle 0
[10:01:58.946] [bmv2] [D] [thread 2292] [27.0] [cxt 0] Dumping entry 0
Match key:
* hdr.ethernet.dstAddr: EXACT     200000000000
Action entry: L2_Ingress.mac_forward - 1,

[10:01:58.946] [bmv2] [D] [thread 2292] [27.0] [cxt 0] Action entry is L2_Ingress.mac_forward - 1,
[10:01:58.946] [bmv2] [T] [thread 2292] [27.0] [cxt 0] Action L2_Ingress.mac_forward
[10:01:58.946] [bmv2] [T] [thread 2292] [27.0] [cxt 0] l2.p4(67) Primitive standard_metadata.egress_spec = port
[10:01:58.946] [bmv2] [D] [thread 2292] [27.0] [cxt 0] Pipeline 'ingress': end
[10:01:58.946] [bmv2] [D] [thread 2292] [27.0] [cxt 0] Egress port is 1
[10:01:58.946] [bmv2] [D] [thread 2294] [27.0] [cxt 0] Pipeline 'egress': start
[10:01:58.946] [bmv2] [T] [thread 2294] [27.0] [cxt 0] l2.p4(102) Condition "standard_metadata.egress_port == standard_metadata.ingress_port" (node_8) is false
[10:01:58.946] [bmv2] [D] [thread 2294] [27.0] [cxt 0] Pipeline 'egress': end
[10:01:58.946] [bmv2] [D] [thread 2294] [27.0] [cxt 0] Deparser 'deparser': start
[10:01:58.946] [bmv2] [D] [thread 2294] [27.0] [cxt 0] Deparsing header 'ethernet'
[10:01:58.946] [bmv2] [D] [thread 2294] [27.0] [cxt 0] Deparser 'deparser': end
[10:01:58.946] [bmv2] [D] [thread 2297] [27.0] [cxt 0] Transmitting packet of size 98 out of port 1
[10:01:58.950] [bmv2] [D] [thread 2292] [28.0] [cxt 0] Processing packet received on port 1
[10:01:58.950] [bmv2] [D] [thread 2292] [28.0] [cxt 0] Parser 'parser': start
[10:01:58.950] [bmv2] [D] [thread 2292] [28.0] [cxt 0] Parser 'parser' entering state 'start'
[10:01:58.950] [bmv2] [D] [thread 2292] [28.0] [cxt 0] Extracting header 'ethernet'
[10:01:58.950] [bmv2] [D] [thread 2292] [28.0] [cxt 0] Parser state 'start' has no switch, going to default next state
[10:01:58.950] [bmv2] [T] [thread 2292] [28.0] [cxt 0] Bytes parsed: 14
[10:01:58.951] [bmv2] [D] [thread 2292] [28.0] [cxt 0] Parser 'parser': end
[10:01:58.951] [bmv2] [D] [thread 2292] [28.0] [cxt 0] Pipeline 'ingress': start
[10:01:58.951] [bmv2] [T] [thread 2292] [28.0] [cxt 0] l2.p4(85) Condition "hdr.ethernet.dstAddr == 48w0xFFFFFFFFFF" (node_2) is false
[10:01:58.951] [bmv2] [T] [thread 2292] [28.0] [cxt 0] l2.p4(88) Condition "hdr.ethernet.isValid()" (node_4) is true
[10:01:58.951] [bmv2] [T] [thread 2292] [28.0] [cxt 0] Applying table 'L2_Ingress.mac_table'
[10:01:58.951] [bmv2] [D] [thread 2292] [28.0] [cxt 0] Looking up key:
* hdr.ethernet.dstAddr: 000000000400

[10:01:58.951] [bmv2] [D] [thread 2292] [28.0] [cxt 0] Table 'L2_Ingress.mac_table': hit with handle 2
[10:01:58.951] [bmv2] [D] [thread 2292] [28.0] [cxt 0] Dumping entry 2
Match key:
* hdr.ethernet.dstAddr: EXACT     000000000400
Action entry: L2_Ingress.mac_forward - 3,

[10:01:58.951] [bmv2] [D] [thread 2292] [28.0] [cxt 0] Action entry is L2_Ingress.mac_forward - 3,
[10:01:58.951] [bmv2] [T] [thread 2292] [28.0] [cxt 0] Action L2_Ingress.mac_forward
[10:01:58.951] [bmv2] [T] [thread 2292] [28.0] [cxt 0] l2.p4(67) Primitive standard_metadata.egress_spec = port
[10:01:58.951] [bmv2] [D] [thread 2292] [28.0] [cxt 0] Pipeline 'ingress': end
[10:01:58.951] [bmv2] [D] [thread 2292] [28.0] [cxt 0] Egress port is 3
[10:01:58.951] [bmv2] [D] [thread 2296] [28.0] [cxt 0] Pipeline 'egress': start
[10:01:58.951] [bmv2] [T] [thread 2296] [28.0] [cxt 0] l2.p4(102) Condition "standard_metadata.egress_port == standard_metadata.ingress_port" (node_8) is false
[10:01:58.951] [bmv2] [D] [thread 2296] [28.0] [cxt 0] Pipeline 'egress': end
[10:01:58.951] [bmv2] [D] [thread 2296] [28.0] [cxt 0] Deparser 'deparser': start
[10:01:58.951] [bmv2] [D] [thread 2296] [28.0] [cxt 0] Deparsing header 'ethernet'
[10:01:58.951] [bmv2] [D] [thread 2296] [28.0] [cxt 0] Deparser 'deparser': end
[10:01:58.951] [bmv2] [D] [thread 2297] [28.0] [cxt 0] Transmitting packet of size 98 out of port 3
[10:01:58.956] [bmv2] [D] [thread 2292] [29.0] [cxt 0] Processing packet received on port 3
[10:01:58.956] [bmv2] [D] [thread 2292] [29.0] [cxt 0] Parser 'parser': start
[10:01:58.956] [bmv2] [D] [thread 2292] [29.0] [cxt 0] Parser 'parser' entering state 'start'
[10:01:58.956] [bmv2] [D] [thread 2292] [29.0] [cxt 0] Extracting header 'ethernet'
[10:01:58.956] [bmv2] [D] [thread 2292] [29.0] [cxt 0] Parser state 'start' has no switch, going to default next state
[10:01:58.956] [bmv2] [T] [thread 2292] [29.0] [cxt 0] Bytes parsed: 14
[10:01:58.956] [bmv2] [D] [thread 2292] [29.0] [cxt 0] Parser 'parser': end
[10:01:58.956] [bmv2] [D] [thread 2292] [29.0] [cxt 0] Pipeline 'ingress': start
[10:01:58.956] [bmv2] [T] [thread 2292] [29.0] [cxt 0] l2.p4(85) Condition "hdr.ethernet.dstAddr == 48w0xFFFFFFFFFF" (node_2) is false
[10:01:58.956] [bmv2] [T] [thread 2292] [29.0] [cxt 0] l2.p4(88) Condition "hdr.ethernet.isValid()" (node_4) is true
[10:01:58.956] [bmv2] [T] [thread 2292] [29.0] [cxt 0] Applying table 'L2_Ingress.mac_table'
[10:01:58.956] [bmv2] [D] [thread 2292] [29.0] [cxt 0] Looking up key:
* hdr.ethernet.dstAddr: 200000000000

[10:01:58.956] [bmv2] [D] [thread 2292] [29.0] [cxt 0] Table 'L2_Ingress.mac_table': hit with handle 0
[10:01:58.956] [bmv2] [D] [thread 2292] [29.0] [cxt 0] Dumping entry 0
Match key:
* hdr.ethernet.dstAddr: EXACT     200000000000
Action entry: L2_Ingress.mac_forward - 1,

[10:01:58.956] [bmv2] [D] [thread 2292] [29.0] [cxt 0] Action entry is L2_Ingress.mac_forward - 1,
[10:01:58.956] [bmv2] [T] [thread 2292] [29.0] [cxt 0] Action L2_Ingress.mac_forward
[10:01:58.956] [bmv2] [T] [thread 2292] [29.0] [cxt 0] l2.p4(67) Primitive standard_metadata.egress_spec = port
[10:01:58.956] [bmv2] [D] [thread 2292] [29.0] [cxt 0] Pipeline 'ingress': end
[10:01:58.956] [bmv2] [D] [thread 2292] [29.0] [cxt 0] Egress port is 1
[10:01:58.956] [bmv2] [D] [thread 2294] [29.0] [cxt 0] Pipeline 'egress': start
[10:01:58.956] [bmv2] [T] [thread 2294] [29.0] [cxt 0] l2.p4(102) Condition "standard_metadata.egress_port == standard_metadata.ingress_port" (node_8) is false
[10:01:58.956] [bmv2] [D] [thread 2294] [29.0] [cxt 0] Pipeline 'egress': end
[10:01:58.956] [bmv2] [D] [thread 2294] [29.0] [cxt 0] Deparser 'deparser': start
[10:01:58.956] [bmv2] [D] [thread 2294] [29.0] [cxt 0] Deparsing header 'ethernet'
[10:01:58.956] [bmv2] [D] [thread 2294] [29.0] [cxt 0] Deparser 'deparser': end
[10:01:58.956] [bmv2] [D] [thread 2297] [29.0] [cxt 0] Transmitting packet of size 98 out of port 1
[10:01:58.960] [bmv2] [D] [thread 2292] [30.0] [cxt 0] Processing packet received on port 1
[10:01:58.960] [bmv2] [D] [thread 2292] [30.0] [cxt 0] Parser 'parser': start
[10:01:58.960] [bmv2] [D] [thread 2292] [30.0] [cxt 0] Parser 'parser' entering state 'start'
[10:01:58.960] [bmv2] [D] [thread 2292] [30.0] [cxt 0] Extracting header 'ethernet'
[10:01:58.960] [bmv2] [D] [thread 2292] [30.0] [cxt 0] Parser state 'start' has no switch, going to default next state
[10:01:58.960] [bmv2] [T] [thread 2292] [30.0] [cxt 0] Bytes parsed: 14
[10:01:58.960] [bmv2] [D] [thread 2292] [30.0] [cxt 0] Parser 'parser': end
[10:01:58.960] [bmv2] [D] [thread 2292] [30.0] [cxt 0] Pipeline 'ingress': start
[10:01:58.960] [bmv2] [T] [thread 2292] [30.0] [cxt 0] l2.p4(85) Condition "hdr.ethernet.dstAddr == 48w0xFFFFFFFFFF" (node_2) is false
[10:01:58.960] [bmv2] [T] [thread 2292] [30.0] [cxt 0] l2.p4(88) Condition "hdr.ethernet.isValid()" (node_4) is true
[10:01:58.960] [bmv2] [T] [thread 2292] [30.0] [cxt 0] Applying table 'L2_Ingress.mac_table'
[10:01:58.960] [bmv2] [D] [thread 2292] [30.0] [cxt 0] Looking up key:
* hdr.ethernet.dstAddr: 000000000400

[10:01:58.960] [bmv2] [D] [thread 2292] [30.0] [cxt 0] Table 'L2_Ingress.mac_table': hit with handle 2
[10:01:58.960] [bmv2] [D] [thread 2292] [30.0] [cxt 0] Dumping entry 2
Match key:
* hdr.ethernet.dstAddr: EXACT     000000000400
Action entry: L2_Ingress.mac_forward - 3,

[10:01:58.960] [bmv2] [D] [thread 2292] [30.0] [cxt 0] Action entry is L2_Ingress.mac_forward - 3,
[10:01:58.960] [bmv2] [T] [thread 2292] [30.0] [cxt 0] Action L2_Ingress.mac_forward
[10:01:58.960] [bmv2] [T] [thread 2292] [30.0] [cxt 0] l2.p4(67) Primitive standard_metadata.egress_spec = port
[10:01:58.960] [bmv2] [D] [thread 2292] [30.0] [cxt 0] Pipeline 'ingress': end
[10:01:58.960] [bmv2] [D] [thread 2292] [30.0] [cxt 0] Egress port is 3
[10:01:58.961] [bmv2] [D] [thread 2296] [30.0] [cxt 0] Pipeline 'egress': start
[10:01:58.961] [bmv2] [T] [thread 2296] [30.0] [cxt 0] l2.p4(102) Condition "standard_metadata.egress_port == standard_metadata.ingress_port" (node_8) is false
[10:01:58.961] [bmv2] [D] [thread 2296] [30.0] [cxt 0] Pipeline 'egress': end
[10:01:58.961] [bmv2] [D] [thread 2296] [30.0] [cxt 0] Deparser 'deparser': start
[10:01:58.961] [bmv2] [D] [thread 2296] [30.0] [cxt 0] Deparsing header 'ethernet'
[10:01:58.961] [bmv2] [D] [thread 2296] [30.0] [cxt 0] Deparser 'deparser': end
[10:01:58.961] [bmv2] [D] [thread 2297] [30.0] [cxt 0] Transmitting packet of size 98 out of port 3
[10:01:58.968] [bmv2] [D] [thread 2292] [31.0] [cxt 0] Processing packet received on port 3
[10:01:58.968] [bmv2] [D] [thread 2292] [31.0] [cxt 0] Parser 'parser': start
[10:01:58.968] [bmv2] [D] [thread 2292] [31.0] [cxt 0] Parser 'parser' entering state 'start'
[10:01:58.968] [bmv2] [D] [thread 2292] [31.0] [cxt 0] Extracting header 'ethernet'
[10:01:58.968] [bmv2] [D] [thread 2292] [31.0] [cxt 0] Parser state 'start' has no switch, going to default next state
[10:01:58.968] [bmv2] [T] [thread 2292] [31.0] [cxt 0] Bytes parsed: 14
[10:01:58.968] [bmv2] [D] [thread 2292] [31.0] [cxt 0] Parser 'parser': end
[10:01:58.968] [bmv2] [D] [thread 2292] [31.0] [cxt 0] Pipeline 'ingress': start
[10:01:58.968] [bmv2] [T] [thread 2292] [31.0] [cxt 0] l2.p4(85) Condition "hdr.ethernet.dstAddr == 48w0xFFFFFFFFFF" (node_2) is false
[10:01:58.968] [bmv2] [T] [thread 2292] [31.0] [cxt 0] l2.p4(88) Condition "hdr.ethernet.isValid()" (node_4) is true
[10:01:58.968] [bmv2] [T] [thread 2292] [31.0] [cxt 0] Applying table 'L2_Ingress.mac_table'
[10:01:58.968] [bmv2] [D] [thread 2292] [31.0] [cxt 0] Looking up key:
* hdr.ethernet.dstAddr: 000000000300

[10:01:58.968] [bmv2] [D] [thread 2292] [31.0] [cxt 0] Table 'L2_Ingress.mac_table': hit with handle 1
[10:01:58.969] [bmv2] [D] [thread 2292] [31.0] [cxt 0] Dumping entry 1
Match key:
* hdr.ethernet.dstAddr: EXACT     000000000300
Action entry: L2_Ingress.mac_forward - 2,

[10:01:58.969] [bmv2] [D] [thread 2292] [31.0] [cxt 0] Action entry is L2_Ingress.mac_forward - 2,
[10:01:58.969] [bmv2] [T] [thread 2292] [31.0] [cxt 0] Action L2_Ingress.mac_forward
[10:01:58.969] [bmv2] [T] [thread 2292] [31.0] [cxt 0] l2.p4(67) Primitive standard_metadata.egress_spec = port
[10:01:58.969] [bmv2] [D] [thread 2292] [31.0] [cxt 0] Pipeline 'ingress': end
[10:01:58.969] [bmv2] [D] [thread 2292] [31.0] [cxt 0] Egress port is 2
[10:01:58.969] [bmv2] [D] [thread 2295] [31.0] [cxt 0] Pipeline 'egress': start
[10:01:58.969] [bmv2] [T] [thread 2295] [31.0] [cxt 0] l2.p4(102) Condition "standard_metadata.egress_port == standard_metadata.ingress_port" (node_8) is false
[10:01:58.969] [bmv2] [D] [thread 2295] [31.0] [cxt 0] Pipeline 'egress': end
[10:01:58.969] [bmv2] [D] [thread 2295] [31.0] [cxt 0] Deparser 'deparser': start
[10:01:58.969] [bmv2] [D] [thread 2295] [31.0] [cxt 0] Deparsing header 'ethernet'
[10:01:58.969] [bmv2] [D] [thread 2295] [31.0] [cxt 0] Deparser 'deparser': end
[10:01:58.969] [bmv2] [D] [thread 2297] [31.0] [cxt 0] Transmitting packet of size 98 out of port 2
[10:01:58.969] [bmv2] [D] [thread 2292] [32.0] [cxt 0] Processing packet received on port 2
[10:01:58.970] [bmv2] [D] [thread 2292] [32.0] [cxt 0] Parser 'parser': start
[10:01:58.970] [bmv2] [D] [thread 2292] [32.0] [cxt 0] Parser 'parser' entering state 'start'
[10:01:58.970] [bmv2] [D] [thread 2292] [32.0] [cxt 0] Extracting header 'ethernet'
[10:01:58.970] [bmv2] [D] [thread 2292] [32.0] [cxt 0] Parser state 'start' has no switch, going to default next state
[10:01:58.970] [bmv2] [T] [thread 2292] [32.0] [cxt 0] Bytes parsed: 14
[10:01:58.970] [bmv2] [D] [thread 2292] [32.0] [cxt 0] Parser 'parser': end
[10:01:58.970] [bmv2] [D] [thread 2292] [32.0] [cxt 0] Pipeline 'ingress': start
[10:01:58.970] [bmv2] [T] [thread 2292] [32.0] [cxt 0] l2.p4(85) Condition "hdr.ethernet.dstAddr == 48w0xFFFFFFFFFF" (node_2) is false
[10:01:58.970] [bmv2] [T] [thread 2292] [32.0] [cxt 0] l2.p4(88) Condition "hdr.ethernet.isValid()" (node_4) is true
[10:01:58.970] [bmv2] [T] [thread 2292] [32.0] [cxt 0] Applying table 'L2_Ingress.mac_table'
[10:01:58.970] [bmv2] [D] [thread 2292] [32.0] [cxt 0] Looking up key:
* hdr.ethernet.dstAddr: 000000000400

[10:01:58.970] [bmv2] [D] [thread 2292] [32.0] [cxt 0] Table 'L2_Ingress.mac_table': hit with handle 2
[10:01:58.970] [bmv2] [D] [thread 2292] [32.0] [cxt 0] Dumping entry 2
Match key:
* hdr.ethernet.dstAddr: EXACT     000000000400
Action entry: L2_Ingress.mac_forward - 3,

[10:01:58.970] [bmv2] [D] [thread 2292] [32.0] [cxt 0] Action entry is L2_Ingress.mac_forward - 3,
[10:01:58.970] [bmv2] [T] [thread 2292] [32.0] [cxt 0] Action L2_Ingress.mac_forward
[10:01:58.970] [bmv2] [T] [thread 2292] [32.0] [cxt 0] l2.p4(67) Primitive standard_metadata.egress_spec = port
[10:01:58.970] [bmv2] [D] [thread 2292] [32.0] [cxt 0] Pipeline 'ingress': end
[10:01:58.970] [bmv2] [D] [thread 2292] [32.0] [cxt 0] Egress port is 3
[10:01:58.970] [bmv2] [D] [thread 2296] [32.0] [cxt 0] Pipeline 'egress': start
[10:01:58.970] [bmv2] [T] [thread 2296] [32.0] [cxt 0] l2.p4(102) Condition "standard_metadata.egress_port == standard_metadata.ingress_port" (node_8) is false
[10:01:58.970] [bmv2] [D] [thread 2296] [32.0] [cxt 0] Pipeline 'egress': end
[10:01:58.970] [bmv2] [D] [thread 2296] [32.0] [cxt 0] Deparser 'deparser': start
[10:01:58.970] [bmv2] [D] [thread 2296] [32.0] [cxt 0] Deparsing header 'ethernet'
[10:01:58.970] [bmv2] [D] [thread 2296] [32.0] [cxt 0] Deparser 'deparser': end
[10:01:58.970] [bmv2] [D] [thread 2297] [32.0] [cxt 0] Transmitting packet of size 98 out of port 3
open: No such file or directory
open: No such file or directory
open: No such file or directory
open: No such file or directory
open: No such file or directory
open: No such file or directory
open: No such file or directory
open: No such file or directory
open: No such file or directory
open: No such file or directory
open: No such file or directory
